..\..\bin\plugins\desquirr.pdb
C:\Hex-Rays.IDA.Pro.Advanced.v6.1\idasdk61\plugins\desquirr\Debug\cl.command.1.tlog
C:\Hex-Rays.IDA.Pro.Advanced.v6.1\idasdk61\plugins\desquirr\Debug\CL.read.1.tlog
C:\Hex-Rays.IDA.Pro.Advanced.v6.1\idasdk61\plugins\desquirr\Debug\CL.write.1.tlog
C:\HEX-RAYS.IDA.PRO.ADVANCED.V6.1\IDASDK61\PLUGINS\DESQUIRR\DEBUG\CODEGEN.OBJ
C:\HEX-RAYS.IDA.PRO.ADVANCED.V6.1\IDASDK61\PLUGINS\DESQUIRR\DEBUG\DATAFLOW.OBJ
C:\Hex-Rays.IDA.Pro.Advanced.v6.1\idasdk61\plugins\desquirr\Debug\desquirr.dll.embed.manifest
C:\HEX-RAYS.IDA.PRO.ADVANCED.V6.1\IDASDK61\PLUGINS\DESQUIRR\DEBUG\DESQUIRR.DLL.EMBED.MANIFEST.RES
C:\HEX-RAYS.IDA.PRO.ADVANCED.V6.1\IDASDK61\PLUGINS\DESQUIRR\DEBUG\DESQUIRR.OBJ
C:\Hex-Rays.IDA.Pro.Advanced.v6.1\idasdk61\plugins\desquirr\Debug\desquirr_manifest.rc
C:\HEX-RAYS.IDA.PRO.ADVANCED.V6.1\IDASDK61\PLUGINS\DESQUIRR\DEBUG\EXPRESSION.OBJ
C:\HEX-RAYS.IDA.PRO.ADVANCED.V6.1\IDASDK61\PLUGINS\DESQUIRR\DEBUG\FRONTEND.OBJ
C:\HEX-RAYS.IDA.PRO.ADVANCED.V6.1\IDASDK61\PLUGINS\DESQUIRR\DEBUG\FUNCTION.OBJ
C:\HEX-RAYS.IDA.PRO.ADVANCED.V6.1\IDASDK61\PLUGINS\DESQUIRR\DEBUG\IDA-ARM.OBJ
C:\HEX-RAYS.IDA.PRO.ADVANCED.V6.1\IDASDK61\PLUGINS\DESQUIRR\DEBUG\IDAPRO.OBJ
C:\HEX-RAYS.IDA.PRO.ADVANCED.V6.1\IDASDK61\PLUGINS\DESQUIRR\DEBUG\IDA-X86.OBJ
C:\HEX-RAYS.IDA.PRO.ADVANCED.V6.1\IDASDK61\PLUGINS\DESQUIRR\DEBUG\INSTRUCTION.OBJ
C:\Hex-Rays.IDA.Pro.Advanced.v6.1\idasdk61\plugins\desquirr\Debug\link.command.1.tlog
C:\Hex-Rays.IDA.Pro.Advanced.v6.1\idasdk61\plugins\desquirr\Debug\link.read.1.tlog
C:\Hex-Rays.IDA.Pro.Advanced.v6.1\idasdk61\plugins\desquirr\Debug\link.write.1.tlog
C:\HEX-RAYS.IDA.PRO.ADVANCED.V6.1\IDASDK61\PLUGINS\DESQUIRR\DEBUG\NODE.OBJ
C:\Hex-Rays.IDA.Pro.Advanced.v6.1\idasdk61\plugins\desquirr\Debug\rc.command.1.tlog
C:\Hex-Rays.IDA.Pro.Advanced.v6.1\idasdk61\plugins\desquirr\Debug\rc.read.1.tlog
C:\Hex-Rays.IDA.Pro.Advanced.v6.1\idasdk61\plugins\desquirr\Debug\rc.write.1.tlog
C:\HEX-RAYS.IDA.PRO.ADVANCED.V6.1\IDASDK61\PLUGINS\DESQUIRR\DEBUG\USEDEFINE.OBJ
C:\Hex-Rays.IDA.Pro.Advanced.v6.1\idasdk61\plugins\desquirr\Debug\vc100.idb
C:\HEX-RAYS.IDA.PRO.ADVANCED.V6.1\IDASDK61\PLUGINS\DESQUIRR\DEBUG\VC100.PDB
