C:\Program\MSBuild\Microsoft.Cpp\v4.0\Microsoft.CppBuild.targets(299,5): warning MSB8004: Output Directory does not end with a trailing slash.  This build instance will add the slash as it is required to allow proper evaluation of the Output Directory.
  codegen.cpp
C:\Hex-Rays.IDA.Pro.Advanced.v6.5\idasdk\include\kernwin.hpp(25): error C2146: syntax error : missing ';' before identifier 'color_t'
C:\Hex-Rays.IDA.Pro.Advanced.v6.5\idasdk\include\kernwin.hpp(25): error C4430: missing type specifier - int assumed. Note: C++ does not support default-int
C:\Hex-Rays.IDA.Pro.Advanced.v6.5\idasdk\include\kernwin.hpp(25): error C4430: missing type specifier - int assumed. Note: C++ does not support default-int
C:\Hex-Rays.IDA.Pro.Advanced.v6.5\idasdk\include\kernwin.hpp(26): error C2146: syntax error : missing ';' before identifier 'bmask_t'
C:\Hex-Rays.IDA.Pro.Advanced.v6.5\idasdk\include\kernwin.hpp(26): error C4430: missing type specifier - int assumed. Note: C++ does not support default-int
C:\Hex-Rays.IDA.Pro.Advanced.v6.5\idasdk\include\kernwin.hpp(26): error C4430: missing type specifier - int assumed. Note: C++ does not support default-int
C:\Hex-Rays.IDA.Pro.Advanced.v6.5\idasdk\include\kernwin.hpp(27): error C2146: syntax error : missing ';' before identifier 'enum_t'
C:\Hex-Rays.IDA.Pro.Advanced.v6.5\idasdk\include\kernwin.hpp(27): error C4430: missing type specifier - int assumed. Note: C++ does not support default-int
C:\Hex-Rays.IDA.Pro.Advanced.v6.5\idasdk\include\kernwin.hpp(27): error C4430: missing type specifier - int assumed. Note: C++ does not support default-int
C:\Hex-Rays.IDA.Pro.Advanced.v6.5\idasdk\include\kernwin.hpp(111): error C2146: syntax error : missing ';' before identifier 'i32'
C:\Hex-Rays.IDA.Pro.Advanced.v6.5\idasdk\include\kernwin.hpp(111): error C4430: missing type specifier - int assumed. Note: C++ does not support default-int
C:\Hex-Rays.IDA.Pro.Advanced.v6.5\idasdk\include\kernwin.hpp(111): error C4430: missing type specifier - int assumed. Note: C++ does not support default-int
C:\Hex-Rays.IDA.Pro.Advanced.v6.5\idasdk\include\kernwin.hpp(113): error C2146: syntax error : missing ';' before identifier 'u16'
C:\Hex-Rays.IDA.Pro.Advanced.v6.5\idasdk\include\kernwin.hpp(113): error C4430: missing type specifier - int assumed. Note: C++ does not support default-int
C:\Hex-Rays.IDA.Pro.Advanced.v6.5\idasdk\include\kernwin.hpp(113): error C4430: missing type specifier - int assumed. Note: C++ does not support default-int
C:\Hex-Rays.IDA.Pro.Advanced.v6.5\idasdk\include\kernwin.hpp(114): error C2146: syntax error : missing ';' before identifier 'u32'
C:\Hex-Rays.IDA.Pro.Advanced.v6.5\idasdk\include\kernwin.hpp(114): error C4430: missing type specifier - int assumed. Note: C++ does not support default-int
C:\Hex-Rays.IDA.Pro.Advanced.v6.5\idasdk\include\kernwin.hpp(114): error C4430: missing type specifier - int assumed. Note: C++ does not support default-int
C:\Hex-Rays.IDA.Pro.Advanced.v6.5\idasdk\include\kernwin.hpp(117): error C2146: syntax error : missing ';' before identifier 'ssize'
C:\Hex-Rays.IDA.Pro.Advanced.v6.5\idasdk\include\kernwin.hpp(117): error C4430: missing type specifier - int assumed. Note: C++ does not support default-int
C:\Hex-Rays.IDA.Pro.Advanced.v6.5\idasdk\include\kernwin.hpp(117): error C4430: missing type specifier - int assumed. Note: C++ does not support default-int
C:\Hex-Rays.IDA.Pro.Advanced.v6.5\idasdk\include\kernwin.hpp(125): error C4430: missing type specifier - int assumed. Note: C++ does not support default-int
C:\Hex-Rays.IDA.Pro.Advanced.v6.5\idasdk\include\kernwin.hpp(1404): error C2144: syntax error : 'void' should be preceded by ';'
C:\Hex-Rays.IDA.Pro.Advanced.v6.5\idasdk\include\kernwin.hpp(1404): error C4430: missing type specifier - int assumed. Note: C++ does not support default-int
C:\Hex-Rays.IDA.Pro.Advanced.v6.5\idasdk\include\kernwin.hpp(1404): error C2146: syntax error : missing ';' before identifier 'init_kernel'
C:\Hex-Rays.IDA.Pro.Advanced.v6.5\idasdk\include\kernwin.hpp(1404): error C2182: 'ida_export' : illegal use of type 'void'
C:\Hex-Rays.IDA.Pro.Advanced.v6.5\idasdk\include\kernwin.hpp(1405): error C2065: 'idaapi' : undeclared identifier
C:\Hex-Rays.IDA.Pro.Advanced.v6.5\idasdk\include\kernwin.hpp(1405): error C2065: '_callui' : undeclared identifier
C:\Hex-Rays.IDA.Pro.Advanced.v6.5\idasdk\include\kernwin.hpp(1405): error C2275: 'ui_notification_t' : illegal use of this type as an expression
          C:\Hex-Rays.IDA.Pro.Advanced.v6.5\idasdk\include\kernwin.hpp(133) : see declaration of 'ui_notification_t'
C:\Hex-Rays.IDA.Pro.Advanced.v6.5\idasdk\include\kernwin.hpp(1405): error C2146: syntax error : missing ')' before identifier 'what'
C:\Hex-Rays.IDA.Pro.Advanced.v6.5\idasdk\include\kernwin.hpp(1405): error C2059: syntax error : ')'
C:\Hex-Rays.IDA.Pro.Advanced.v6.5\idasdk\include\kernwin.hpp(1413): error C2146: syntax error : missing ';' before identifier 'callui_t'
C:\Hex-Rays.IDA.Pro.Advanced.v6.5\idasdk\include\kernwin.hpp(1413): error C4430: missing type specifier - int assumed. Note: C++ does not support default-int
C:\Hex-Rays.IDA.Pro.Advanced.v6.5\idasdk\include\kernwin.hpp(1413): error C2086: 'int idaman' : redefinition
          C:\Hex-Rays.IDA.Pro.Advanced.v6.5\idasdk\include\kernwin.hpp(1404) : see declaration of 'idaman'
C:\Hex-Rays.IDA.Pro.Advanced.v6.5\idasdk\include\kernwin.hpp(1413): error C2065: 'idaapi' : undeclared identifier
C:\Hex-Rays.IDA.Pro.Advanced.v6.5\idasdk\include\kernwin.hpp(1413): error C2065: 'callui' : undeclared identifier
C:\Hex-Rays.IDA.Pro.Advanced.v6.5\idasdk\include\kernwin.hpp(1413): error C4430: missing type specifier - int assumed. Note: C++ does not support default-int
C:\Hex-Rays.IDA.Pro.Advanced.v6.5\idasdk\include\kernwin.hpp(1413): fatal error C1903: unable to recover from previous error(s); stopping compilation
  dataflow.cpp
C:\Hex-Rays.IDA.Pro.Advanced.v6.5\idasdk\include\struct.hpp(316): warning C4996: 'set_member_ti': was declared deprecated
          C:\Hex-Rays.IDA.Pro.Advanced.v6.5\idasdk\include\struct.hpp(315) : see declaration of 'set_member_ti'
C:\Hex-Rays.IDA.Pro.Advanced.v6.5\idasdk\include\allins.hpp(13): error C2365: 'NN_null' : redefinition; previous definition was 'enumerator'
          C:\Hex-Rays.IDA.Pro.Advanced.v6.5\idasdk\include\allins.hpp(13) : see declaration of 'NN_null'
C:\Hex-Rays.IDA.Pro.Advanced.v6.5\idasdk\include\allins.hpp(14): error C2365: 'NN_aaa' : redefinition; previous definition was 'enumerator'
          C:\Hex-Rays.IDA.Pro.Advanced.v6.5\idasdk\include\allins.hpp(14) : see declaration of 'NN_aaa'
C:\Hex-Rays.IDA.Pro.Advanced.v6.5\idasdk\include\allins.hpp(15): error C2365: 'NN_aad' : redefinition; previous definition was 'enumerator'
          C:\Hex-Rays.IDA.Pro.Advanced.v6.5\idasdk\include\allins.hpp(15) : see declaration of 'NN_aad'
C:\Hex-Rays.IDA.Pro.Advanced.v6.5\idasdk\include\allins.hpp(16): error C2365: 'NN_aam' : redefinition; previous definition was 'enumerator'
          C:\Hex-Rays.IDA.Pro.Advanced.v6.5\idasdk\include\allins.hpp(16) : see declaration of 'NN_aam'
C:\Hex-Rays.IDA.Pro.Advanced.v6.5\idasdk\include\allins.hpp(17): error C2365: 'NN_aas' : redefinition; previous definition was 'enumerator'
          C:\Hex-Rays.IDA.Pro.Advanced.v6.5\idasdk\include\allins.hpp(17) : see declaration of 'NN_aas'
C:\Hex-Rays.IDA.Pro.Advanced.v6.5\idasdk\include\allins.hpp(18): error C2365: 'NN_adc' : redefinition; previous definition was 'enumerator'
          C:\Hex-Rays.IDA.Pro.Advanced.v6.5\idasdk\include\allins.hpp(18) : see declaration of 'NN_adc'
C:\Hex-Rays.IDA.Pro.Advanced.v6.5\idasdk\include\allins.hpp(19): error C2365: 'NN_add' : redefinition; previous definition was 'enumerator'
          C:\Hex-Rays.IDA.Pro.Advanced.v6.5\idasdk\include\allins.hpp(19) : see declaration of 'NN_add'
C:\Hex-Rays.IDA.Pro.Advanced.v6.5\idasdk\include\allins.hpp(20): error C2365: 'NN_and' : redefinition; previous definition was 'enumerator'
          C:\Hex-Rays.IDA.Pro.Advanced.v6.5\idasdk\include\allins.hpp(20) : see declaration of 'NN_and'
C:\Hex-Rays.IDA.Pro.Advanced.v6.5\idasdk\include\allins.hpp(21): error C2365: 'NN_arpl' : redefinition; previous definition was 'enumerator'
          C:\Hex-Rays.IDA.Pro.Advanced.v6.5\idasdk\include\allins.hpp(21) : see declaration of 'NN_arpl'
C:\Hex-Rays.IDA.Pro.Advanced.v6.5\idasdk\include\allins.hpp(22): error C2365: 'NN_bound' : redefinition; previous definition was 'enumerator'
          C:\Hex-Rays.IDA.Pro.Advanced.v6.5\idasdk\include\allins.hpp(22) : see declaration of 'NN_bound'
C:\Hex-Rays.IDA.Pro.Advanced.v6.5\idasdk\include\allins.hpp(23): error C2365: 'NN_bsf' : redefinition; previous definition was 'enumerator'
          C:\Hex-Rays.IDA.Pro.Advanced.v6.5\idasdk\include\allins.hpp(23) : see declaration of 'NN_bsf'
C:\Hex-Rays.IDA.Pro.Advanced.v6.5\idasdk\include\allins.hpp(24): error C2365: 'NN_bsr' : redefinition; previous definition was 'enumerator'
          C:\Hex-Rays.IDA.Pro.Advanced.v6.5\idasdk\include\allins.hpp(24) : see declaration of 'NN_bsr'
C:\Hex-Rays.IDA.Pro.Advanced.v6.5\idasdk\include\allins.hpp(25): error C2365: 'NN_bt' : redefinition; previous definition was 'enumerator'
          C:\Hex-Rays.IDA.Pro.Advanced.v6.5\idasdk\include\allins.hpp(25) : see declaration of 'NN_bt'
C:\Hex-Rays.IDA.Pro.Advanced.v6.5\idasdk\include\allins.hpp(26): error C2365: 'NN_btc' : redefinition; previous definition was 'enumerator'
          C:\Hex-Rays.IDA.Pro.Advanced.v6.5\idasdk\include\allins.hpp(26) : see declaration of 'NN_btc'
C:\Hex-Rays.IDA.Pro.Advanced.v6.5\idasdk\include\allins.hpp(27): error C2365: 'NN_btr' : redefinition; previous definition was 'enumerator'
          C:\Hex-Rays.IDA.Pro.Advanced.v6.5\idasdk\include\allins.hpp(27) : see declaration of 'NN_btr'
C:\Hex-Rays.IDA.Pro.Advanced.v6.5\idasdk\include\allins.hpp(28): error C2365: 'NN_bts' : redefinition; previous definition was 'enumerator'
          C:\Hex-Rays.IDA.Pro.Advanced.v6.5\idasdk\include\allins.hpp(28) : see declaration of 'NN_bts'
C:\Hex-Rays.IDA.Pro.Advanced.v6.5\idasdk\include\allins.hpp(29): error C2365: 'NN_call' : redefinition; previous definition was 'enumerator'
          C:\Hex-Rays.IDA.Pro.Advanced.v6.5\idasdk\include\allins.hpp(29) : see declaration of 'NN_call'
C:\Hex-Rays.IDA.Pro.Advanced.v6.5\idasdk\include\allins.hpp(30): error C2365: 'NN_callfi' : redefinition; previous definition was 'enumerator'
          C:\Hex-Rays.IDA.Pro.Advanced.v6.5\idasdk\include\allins.hpp(30) : see declaration of 'NN_callfi'
C:\Hex-Rays.IDA.Pro.Advanced.v6.5\idasdk\include\allins.hpp(31): error C2365: 'NN_callni' : redefinition; previous definition was 'enumerator'
          C:\Hex-Rays.IDA.Pro.Advanced.v6.5\idasdk\include\allins.hpp(31) : see declaration of 'NN_callni'
C:\Hex-Rays.IDA.Pro.Advanced.v6.5\idasdk\include\allins.hpp(32): error C2365: 'NN_cbw' : redefinition; previous definition was 'enumerator'
          C:\Hex-Rays.IDA.Pro.Advanced.v6.5\idasdk\include\allins.hpp(32) : see declaration of 'NN_cbw'
C:\Hex-Rays.IDA.Pro.Advanced.v6.5\idasdk\include\allins.hpp(33): error C2365: 'NN_cwde' : redefinition; previous definition was 'enumerator'
          C:\Hex-Rays.IDA.Pro.Advanced.v6.5\idasdk\include\allins.hpp(33) : see declaration of 'NN_cwde'
C:\Hex-Rays.IDA.Pro.Advanced.v6.5\idasdk\include\allins.hpp(34): error C2365: 'NN_cdqe' : redefinition; previous definition was 'enumerator'
          C:\Hex-Rays.IDA.Pro.Advanced.v6.5\idasdk\include\allins.hpp(34) : see declaration of 'NN_cdqe'
C:\Hex-Rays.IDA.Pro.Advanced.v6.5\idasdk\include\allins.hpp(35): error C2365: 'NN_clc' : redefinition; previous definition was 'enumerator'
          C:\Hex-Rays.IDA.Pro.Advanced.v6.5\idasdk\include\allins.hpp(35) : see declaration of 'NN_clc'
C:\Hex-Rays.IDA.Pro.Advanced.v6.5\idasdk\include\allins.hpp(36): error C2365: 'NN_cld' : redefinition; previous definition was 'enumerator'
          C:\Hex-Rays.IDA.Pro.Advanced.v6.5\idasdk\include\allins.hpp(36) : see declaration of 'NN_cld'
C:\Hex-Rays.IDA.Pro.Advanced.v6.5\idasdk\include\allins.hpp(37): error C2365: 'NN_cli' : redefinition; previous definition was 'enumerator'
          C:\Hex-Rays.IDA.Pro.Advanced.v6.5\idasdk\include\allins.hpp(37) : see declaration of 'NN_cli'
C:\Hex-Rays.IDA.Pro.Advanced.v6.5\idasdk\include\allins.hpp(38): error C2365: 'NN_clts' : redefinition; previous definition was 'enumerator'
          C:\Hex-Rays.IDA.Pro.Advanced.v6.5\idasdk\include\allins.hpp(38) : see declaration of 'NN_clts'
C:\Hex-Rays.IDA.Pro.Advanced.v6.5\idasdk\include\allins.hpp(39): error C2365: 'NN_cmc' : redefinition; previous definition was 'enumerator'
          C:\Hex-Rays.IDA.Pro.Advanced.v6.5\idasdk\include\allins.hpp(39) : see declaration of 'NN_cmc'
C:\Hex-Rays.IDA.Pro.Advanced.v6.5\idasdk\include\allins.hpp(40): error C2365: 'NN_cmp' : redefinition; previous definition was 'enumerator'
          C:\Hex-Rays.IDA.Pro.Advanced.v6.5\idasdk\include\allins.hpp(40) : see declaration of 'NN_cmp'
C:\Hex-Rays.IDA.Pro.Advanced.v6.5\idasdk\include\allins.hpp(41): error C2365: 'NN_cmps' : redefinition; previous definition was 'enumerator'
          C:\Hex-Rays.IDA.Pro.Advanced.v6.5\idasdk\include\allins.hpp(41) : see declaration of 'NN_cmps'
C:\Hex-Rays.IDA.Pro.Advanced.v6.5\idasdk\include\allins.hpp(42): error C2365: 'NN_cwd' : redefinition; previous definition was 'enumerator'
          C:\Hex-Rays.IDA.Pro.Advanced.v6.5\idasdk\include\allins.hpp(42) : see declaration of 'NN_cwd'
C:\Hex-Rays.IDA.Pro.Advanced.v6.5\idasdk\include\allins.hpp(43): error C2365: 'NN_cdq' : redefinition; previous definition was 'enumerator'
          C:\Hex-Rays.IDA.Pro.Advanced.v6.5\idasdk\include\allins.hpp(43) : see declaration of 'NN_cdq'
C:\Hex-Rays.IDA.Pro.Advanced.v6.5\idasdk\include\allins.hpp(44): error C2365: 'NN_cqo' : redefinition; previous definition was 'enumerator'
          C:\Hex-Rays.IDA.Pro.Advanced.v6.5\idasdk\include\allins.hpp(44) : see declaration of 'NN_cqo'
C:\Hex-Rays.IDA.Pro.Advanced.v6.5\idasdk\include\allins.hpp(45): error C2365: 'NN_daa' : redefinition; previous definition was 'enumerator'
          C:\Hex-Rays.IDA.Pro.Advanced.v6.5\idasdk\include\allins.hpp(45) : see declaration of 'NN_daa'
C:\Hex-Rays.IDA.Pro.Advanced.v6.5\idasdk\include\allins.hpp(46): error C2365: 'NN_das' : redefinition; previous definition was 'enumerator'
          C:\Hex-Rays.IDA.Pro.Advanced.v6.5\idasdk\include\allins.hpp(46) : see declaration of 'NN_das'
C:\Hex-Rays.IDA.Pro.Advanced.v6.5\idasdk\include\allins.hpp(47): error C2365: 'NN_dec' : redefinition; previous definition was 'enumerator'
          C:\Hex-Rays.IDA.Pro.Advanced.v6.5\idasdk\include\allins.hpp(47) : see declaration of 'NN_dec'
C:\Hex-Rays.IDA.Pro.Advanced.v6.5\idasdk\include\allins.hpp(48): error C2365: 'NN_div' : redefinition; previous definition was 'enumerator'
          C:\Hex-Rays.IDA.Pro.Advanced.v6.5\idasdk\include\allins.hpp(48) : see declaration of 'NN_div'
C:\Hex-Rays.IDA.Pro.Advanced.v6.5\idasdk\include\allins.hpp(49): error C2365: 'NN_enterw' : redefinition; previous definition was 'enumerator'
          C:\Hex-Rays.IDA.Pro.Advanced.v6.5\idasdk\include\allins.hpp(49) : see declaration of 'NN_enterw'
C:\Hex-Rays.IDA.Pro.Advanced.v6.5\idasdk\include\allins.hpp(50): error C2365: 'NN_enter' : redefinition; previous definition was 'enumerator'
          C:\Hex-Rays.IDA.Pro.Advanced.v6.5\idasdk\include\allins.hpp(50) : see declaration of 'NN_enter'
C:\Hex-Rays.IDA.Pro.Advanced.v6.5\idasdk\include\allins.hpp(51): error C2365: 'NN_enterd' : redefinition; previous definition was 'enumerator'
          C:\Hex-Rays.IDA.Pro.Advanced.v6.5\idasdk\include\allins.hpp(51) : see declaration of 'NN_enterd'
C:\Hex-Rays.IDA.Pro.Advanced.v6.5\idasdk\include\allins.hpp(52): error C2365: 'NN_enterq' : redefinition; previous definition was 'enumerator'
          C:\Hex-Rays.IDA.Pro.Advanced.v6.5\idasdk\include\allins.hpp(52) : see declaration of 'NN_enterq'
C:\Hex-Rays.IDA.Pro.Advanced.v6.5\idasdk\include\allins.hpp(53): error C2365: 'NN_hlt' : redefinition; previous definition was 'enumerator'
          C:\Hex-Rays.IDA.Pro.Advanced.v6.5\idasdk\include\allins.hpp(53) : see declaration of 'NN_hlt'
C:\Hex-Rays.IDA.Pro.Advanced.v6.5\idasdk\include\allins.hpp(54): error C2365: 'NN_idiv' : redefinition; previous definition was 'enumerator'
          C:\Hex-Rays.IDA.Pro.Advanced.v6.5\idasdk\include\allins.hpp(54) : see declaration of 'NN_idiv'
C:\Hex-Rays.IDA.Pro.Advanced.v6.5\idasdk\include\allins.hpp(55): error C2365: 'NN_imul' : redefinition; previous definition was 'enumerator'
          C:\Hex-Rays.IDA.Pro.Advanced.v6.5\idasdk\include\allins.hpp(55) : see declaration of 'NN_imul'
C:\Hex-Rays.IDA.Pro.Advanced.v6.5\idasdk\include\allins.hpp(56): error C2365: 'NN_in' : redefinition; previous definition was 'enumerator'
          C:\Hex-Rays.IDA.Pro.Advanced.v6.5\idasdk\include\allins.hpp(56) : see declaration of 'NN_in'
C:\Hex-Rays.IDA.Pro.Advanced.v6.5\idasdk\include\allins.hpp(57): error C2365: 'NN_inc' : redefinition; previous definition was 'enumerator'
          C:\Hex-Rays.IDA.Pro.Advanced.v6.5\idasdk\include\allins.hpp(57) : see declaration of 'NN_inc'
C:\Hex-Rays.IDA.Pro.Advanced.v6.5\idasdk\include\allins.hpp(58): error C2365: 'NN_ins' : redefinition; previous definition was 'enumerator'
          C:\Hex-Rays.IDA.Pro.Advanced.v6.5\idasdk\include\allins.hpp(58) : see declaration of 'NN_ins'
C:\Hex-Rays.IDA.Pro.Advanced.v6.5\idasdk\include\allins.hpp(59): error C2365: 'NN_int' : redefinition; previous definition was 'enumerator'
          C:\Hex-Rays.IDA.Pro.Advanced.v6.5\idasdk\include\allins.hpp(59) : see declaration of 'NN_int'
C:\Hex-Rays.IDA.Pro.Advanced.v6.5\idasdk\include\allins.hpp(60): error C2365: 'NN_into' : redefinition; previous definition was 'enumerator'
          C:\Hex-Rays.IDA.Pro.Advanced.v6.5\idasdk\include\allins.hpp(60) : see declaration of 'NN_into'
C:\Hex-Rays.IDA.Pro.Advanced.v6.5\idasdk\include\allins.hpp(61): error C2365: 'NN_int3' : redefinition; previous definition was 'enumerator'
          C:\Hex-Rays.IDA.Pro.Advanced.v6.5\idasdk\include\allins.hpp(61) : see declaration of 'NN_int3'
C:\Hex-Rays.IDA.Pro.Advanced.v6.5\idasdk\include\allins.hpp(62): error C2365: 'NN_iretw' : redefinition; previous definition was 'enumerator'
          C:\Hex-Rays.IDA.Pro.Advanced.v6.5\idasdk\include\allins.hpp(62) : see declaration of 'NN_iretw'
C:\Hex-Rays.IDA.Pro.Advanced.v6.5\idasdk\include\allins.hpp(63): error C2365: 'NN_iret' : redefinition; previous definition was 'enumerator'
          C:\Hex-Rays.IDA.Pro.Advanced.v6.5\idasdk\include\allins.hpp(63) : see declaration of 'NN_iret'
C:\Hex-Rays.IDA.Pro.Advanced.v6.5\idasdk\include\allins.hpp(64): error C2365: 'NN_iretd' : redefinition; previous definition was 'enumerator'
          C:\Hex-Rays.IDA.Pro.Advanced.v6.5\idasdk\include\allins.hpp(64) : see declaration of 'NN_iretd'
C:\Hex-Rays.IDA.Pro.Advanced.v6.5\idasdk\include\allins.hpp(65): error C2365: 'NN_iretq' : redefinition; previous definition was 'enumerator'
          C:\Hex-Rays.IDA.Pro.Advanced.v6.5\idasdk\include\allins.hpp(65) : see declaration of 'NN_iretq'
C:\Hex-Rays.IDA.Pro.Advanced.v6.5\idasdk\include\allins.hpp(66): error C2365: 'NN_ja' : redefinition; previous definition was 'enumerator'
          C:\Hex-Rays.IDA.Pro.Advanced.v6.5\idasdk\include\allins.hpp(66) : see declaration of 'NN_ja'
C:\Hex-Rays.IDA.Pro.Advanced.v6.5\idasdk\include\allins.hpp(67): error C2365: 'NN_jae' : redefinition; previous definition was 'enumerator'
          C:\Hex-Rays.IDA.Pro.Advanced.v6.5\idasdk\include\allins.hpp(67) : see declaration of 'NN_jae'
C:\Hex-Rays.IDA.Pro.Advanced.v6.5\idasdk\include\allins.hpp(68): error C2365: 'NN_jb' : redefinition; previous definition was 'enumerator'
          C:\Hex-Rays.IDA.Pro.Advanced.v6.5\idasdk\include\allins.hpp(68) : see declaration of 'NN_jb'
C:\Hex-Rays.IDA.Pro.Advanced.v6.5\idasdk\include\allins.hpp(69): error C2365: 'NN_jbe' : redefinition; previous definition was 'enumerator'
          C:\Hex-Rays.IDA.Pro.Advanced.v6.5\idasdk\include\allins.hpp(69) : see declaration of 'NN_jbe'
C:\Hex-Rays.IDA.Pro.Advanced.v6.5\idasdk\include\allins.hpp(70): error C2365: 'NN_jc' : redefinition; previous definition was 'enumerator'
          C:\Hex-Rays.IDA.Pro.Advanced.v6.5\idasdk\include\allins.hpp(70) : see declaration of 'NN_jc'
C:\Hex-Rays.IDA.Pro.Advanced.v6.5\idasdk\include\allins.hpp(71): error C2365: 'NN_jcxz' : redefinition; previous definition was 'enumerator'
          C:\Hex-Rays.IDA.Pro.Advanced.v6.5\idasdk\include\allins.hpp(71) : see declaration of 'NN_jcxz'
C:\Hex-Rays.IDA.Pro.Advanced.v6.5\idasdk\include\allins.hpp(72): error C2365: 'NN_jecxz' : redefinition; previous definition was 'enumerator'
          C:\Hex-Rays.IDA.Pro.Advanced.v6.5\idasdk\include\allins.hpp(72) : see declaration of 'NN_jecxz'
C:\Hex-Rays.IDA.Pro.Advanced.v6.5\idasdk\include\allins.hpp(73): error C2365: 'NN_jrcxz' : redefinition; previous definition was 'enumerator'
          C:\Hex-Rays.IDA.Pro.Advanced.v6.5\idasdk\include\allins.hpp(73) : see declaration of 'NN_jrcxz'
C:\Hex-Rays.IDA.Pro.Advanced.v6.5\idasdk\include\allins.hpp(74): error C2365: 'NN_je' : redefinition; previous definition was 'enumerator'
          C:\Hex-Rays.IDA.Pro.Advanced.v6.5\idasdk\include\allins.hpp(74) : see declaration of 'NN_je'
C:\Hex-Rays.IDA.Pro.Advanced.v6.5\idasdk\include\allins.hpp(75): error C2365: 'NN_jg' : redefinition; previous definition was 'enumerator'
          C:\Hex-Rays.IDA.Pro.Advanced.v6.5\idasdk\include\allins.hpp(75) : see declaration of 'NN_jg'
C:\Hex-Rays.IDA.Pro.Advanced.v6.5\idasdk\include\allins.hpp(76): error C2365: 'NN_jge' : redefinition; previous definition was 'enumerator'
          C:\Hex-Rays.IDA.Pro.Advanced.v6.5\idasdk\include\allins.hpp(76) : see declaration of 'NN_jge'
C:\Hex-Rays.IDA.Pro.Advanced.v6.5\idasdk\include\allins.hpp(77): error C2365: 'NN_jl' : redefinition; previous definition was 'enumerator'
          C:\Hex-Rays.IDA.Pro.Advanced.v6.5\idasdk\include\allins.hpp(77) : see declaration of 'NN_jl'
C:\Hex-Rays.IDA.Pro.Advanced.v6.5\idasdk\include\allins.hpp(78): error C2365: 'NN_jle' : redefinition; previous definition was 'enumerator'
          C:\Hex-Rays.IDA.Pro.Advanced.v6.5\idasdk\include\allins.hpp(78) : see declaration of 'NN_jle'
C:\Hex-Rays.IDA.Pro.Advanced.v6.5\idasdk\include\allins.hpp(79): error C2365: 'NN_jna' : redefinition; previous definition was 'enumerator'
          C:\Hex-Rays.IDA.Pro.Advanced.v6.5\idasdk\include\allins.hpp(79) : see declaration of 'NN_jna'
C:\Hex-Rays.IDA.Pro.Advanced.v6.5\idasdk\include\allins.hpp(80): error C2365: 'NN_jnae' : redefinition; previous definition was 'enumerator'
          C:\Hex-Rays.IDA.Pro.Advanced.v6.5\idasdk\include\allins.hpp(80) : see declaration of 'NN_jnae'
C:\Hex-Rays.IDA.Pro.Advanced.v6.5\idasdk\include\allins.hpp(81): error C2365: 'NN_jnb' : redefinition; previous definition was 'enumerator'
          C:\Hex-Rays.IDA.Pro.Advanced.v6.5\idasdk\include\allins.hpp(81) : see declaration of 'NN_jnb'
C:\Hex-Rays.IDA.Pro.Advanced.v6.5\idasdk\include\allins.hpp(82): error C2365: 'NN_jnbe' : redefinition; previous definition was 'enumerator'
          C:\Hex-Rays.IDA.Pro.Advanced.v6.5\idasdk\include\allins.hpp(82) : see declaration of 'NN_jnbe'
C:\Hex-Rays.IDA.Pro.Advanced.v6.5\idasdk\include\allins.hpp(83): error C2365: 'NN_jnc' : redefinition; previous definition was 'enumerator'
          C:\Hex-Rays.IDA.Pro.Advanced.v6.5\idasdk\include\allins.hpp(83) : see declaration of 'NN_jnc'
C:\Hex-Rays.IDA.Pro.Advanced.v6.5\idasdk\include\allins.hpp(84): error C2365: 'NN_jne' : redefinition; previous definition was 'enumerator'
          C:\Hex-Rays.IDA.Pro.Advanced.v6.5\idasdk\include\allins.hpp(84) : see declaration of 'NN_jne'
C:\Hex-Rays.IDA.Pro.Advanced.v6.5\idasdk\include\allins.hpp(85): error C2365: 'NN_jng' : redefinition; previous definition was 'enumerator'
          C:\Hex-Rays.IDA.Pro.Advanced.v6.5\idasdk\include\allins.hpp(85) : see declaration of 'NN_jng'
C:\Hex-Rays.IDA.Pro.Advanced.v6.5\idasdk\include\allins.hpp(86): error C2365: 'NN_jnge' : redefinition; previous definition was 'enumerator'
          C:\Hex-Rays.IDA.Pro.Advanced.v6.5\idasdk\include\allins.hpp(86) : see declaration of 'NN_jnge'
C:\Hex-Rays.IDA.Pro.Advanced.v6.5\idasdk\include\allins.hpp(87): error C2365: 'NN_jnl' : redefinition; previous definition was 'enumerator'
          C:\Hex-Rays.IDA.Pro.Advanced.v6.5\idasdk\include\allins.hpp(87) : see declaration of 'NN_jnl'
C:\Hex-Rays.IDA.Pro.Advanced.v6.5\idasdk\include\allins.hpp(88): error C2365: 'NN_jnle' : redefinition; previous definition was 'enumerator'
          C:\Hex-Rays.IDA.Pro.Advanced.v6.5\idasdk\include\allins.hpp(88) : see declaration of 'NN_jnle'
C:\Hex-Rays.IDA.Pro.Advanced.v6.5\idasdk\include\allins.hpp(89): error C2365: 'NN_jno' : redefinition; previous definition was 'enumerator'
          C:\Hex-Rays.IDA.Pro.Advanced.v6.5\idasdk\include\allins.hpp(89) : see declaration of 'NN_jno'
C:\Hex-Rays.IDA.Pro.Advanced.v6.5\idasdk\include\allins.hpp(90): error C2365: 'NN_jnp' : redefinition; previous definition was 'enumerator'
          C:\Hex-Rays.IDA.Pro.Advanced.v6.5\idasdk\include\allins.hpp(90) : see declaration of 'NN_jnp'
C:\Hex-Rays.IDA.Pro.Advanced.v6.5\idasdk\include\allins.hpp(91): error C2365: 'NN_jns' : redefinition; previous definition was 'enumerator'
          C:\Hex-Rays.IDA.Pro.Advanced.v6.5\idasdk\include\allins.hpp(91) : see declaration of 'NN_jns'
C:\Hex-Rays.IDA.Pro.Advanced.v6.5\idasdk\include\allins.hpp(92): error C2365: 'NN_jnz' : redefinition; previous definition was 'enumerator'
          C:\Hex-Rays.IDA.Pro.Advanced.v6.5\idasdk\include\allins.hpp(92) : see declaration of 'NN_jnz'
C:\Hex-Rays.IDA.Pro.Advanced.v6.5\idasdk\include\allins.hpp(93): error C2365: 'NN_jo' : redefinition; previous definition was 'enumerator'
          C:\Hex-Rays.IDA.Pro.Advanced.v6.5\idasdk\include\allins.hpp(93) : see declaration of 'NN_jo'
C:\Hex-Rays.IDA.Pro.Advanced.v6.5\idasdk\include\allins.hpp(94): error C2365: 'NN_jp' : redefinition; previous definition was 'enumerator'
          C:\Hex-Rays.IDA.Pro.Advanced.v6.5\idasdk\include\allins.hpp(94) : see declaration of 'NN_jp'
C:\Hex-Rays.IDA.Pro.Advanced.v6.5\idasdk\include\allins.hpp(95): error C2365: 'NN_jpe' : redefinition; previous definition was 'enumerator'
          C:\Hex-Rays.IDA.Pro.Advanced.v6.5\idasdk\include\allins.hpp(95) : see declaration of 'NN_jpe'
C:\Hex-Rays.IDA.Pro.Advanced.v6.5\idasdk\include\allins.hpp(96): error C2365: 'NN_jpo' : redefinition; previous definition was 'enumerator'
          C:\Hex-Rays.IDA.Pro.Advanced.v6.5\idasdk\include\allins.hpp(96) : see declaration of 'NN_jpo'
C:\Hex-Rays.IDA.Pro.Advanced.v6.5\idasdk\include\allins.hpp(97): error C2365: 'NN_js' : redefinition; previous definition was 'enumerator'
          C:\Hex-Rays.IDA.Pro.Advanced.v6.5\idasdk\include\allins.hpp(97) : see declaration of 'NN_js'
C:\Hex-Rays.IDA.Pro.Advanced.v6.5\idasdk\include\allins.hpp(98): error C2365: 'NN_jz' : redefinition; previous definition was 'enumerator'
          C:\Hex-Rays.IDA.Pro.Advanced.v6.5\idasdk\include\allins.hpp(98) : see declaration of 'NN_jz'
C:\Hex-Rays.IDA.Pro.Advanced.v6.5\idasdk\include\allins.hpp(99): error C2365: 'NN_jmp' : redefinition; previous definition was 'enumerator'
          C:\Hex-Rays.IDA.Pro.Advanced.v6.5\idasdk\include\allins.hpp(99) : see declaration of 'NN_jmp'
C:\Hex-Rays.IDA.Pro.Advanced.v6.5\idasdk\include\allins.hpp(100): error C2365: 'NN_jmpfi' : redefinition; previous definition was 'enumerator'
          C:\Hex-Rays.IDA.Pro.Advanced.v6.5\idasdk\include\allins.hpp(100) : see declaration of 'NN_jmpfi'
C:\Hex-Rays.IDA.Pro.Advanced.v6.5\idasdk\include\allins.hpp(101): error C2365: 'NN_jmpni' : redefinition; previous definition was 'enumerator'
          C:\Hex-Rays.IDA.Pro.Advanced.v6.5\idasdk\include\allins.hpp(101) : see declaration of 'NN_jmpni'
C:\Hex-Rays.IDA.Pro.Advanced.v6.5\idasdk\include\allins.hpp(102): error C2365: 'NN_jmpshort' : redefinition; previous definition was 'enumerator'
          C:\Hex-Rays.IDA.Pro.Advanced.v6.5\idasdk\include\allins.hpp(102) : see declaration of 'NN_jmpshort'
C:\Hex-Rays.IDA.Pro.Advanced.v6.5\idasdk\include\allins.hpp(103): error C2365: 'NN_lahf' : redefinition; previous definition was 'enumerator'
          C:\Hex-Rays.IDA.Pro.Advanced.v6.5\idasdk\include\allins.hpp(103) : see declaration of 'NN_lahf'
C:\Hex-Rays.IDA.Pro.Advanced.v6.5\idasdk\include\allins.hpp(104): error C2365: 'NN_lar' : redefinition; previous definition was 'enumerator'
          C:\Hex-Rays.IDA.Pro.Advanced.v6.5\idasdk\include\allins.hpp(104) : see declaration of 'NN_lar'
C:\Hex-Rays.IDA.Pro.Advanced.v6.5\idasdk\include\allins.hpp(105): error C2365: 'NN_lea' : redefinition; previous definition was 'enumerator'
          C:\Hex-Rays.IDA.Pro.Advanced.v6.5\idasdk\include\allins.hpp(105) : see declaration of 'NN_lea'
C:\Hex-Rays.IDA.Pro.Advanced.v6.5\idasdk\include\allins.hpp(106): error C2365: 'NN_leavew' : redefinition; previous definition was 'enumerator'
          C:\Hex-Rays.IDA.Pro.Advanced.v6.5\idasdk\include\allins.hpp(106) : see declaration of 'NN_leavew'
C:\Hex-Rays.IDA.Pro.Advanced.v6.5\idasdk\include\allins.hpp(107): error C2365: 'NN_leave' : redefinition; previous definition was 'enumerator'
          C:\Hex-Rays.IDA.Pro.Advanced.v6.5\idasdk\include\allins.hpp(107) : see declaration of 'NN_leave'
C:\Hex-Rays.IDA.Pro.Advanced.v6.5\idasdk\include\allins.hpp(108): error C2365: 'NN_leaved' : redefinition; previous definition was 'enumerator'
          C:\Hex-Rays.IDA.Pro.Advanced.v6.5\idasdk\include\allins.hpp(108) : see declaration of 'NN_leaved'
C:\Hex-Rays.IDA.Pro.Advanced.v6.5\idasdk\include\allins.hpp(109): error C2365: 'NN_leaveq' : redefinition; previous definition was 'enumerator'
          C:\Hex-Rays.IDA.Pro.Advanced.v6.5\idasdk\include\allins.hpp(109) : see declaration of 'NN_leaveq'
C:\Hex-Rays.IDA.Pro.Advanced.v6.5\idasdk\include\allins.hpp(110): error C2365: 'NN_lgdt' : redefinition; previous definition was 'enumerator'
          C:\Hex-Rays.IDA.Pro.Advanced.v6.5\idasdk\include\allins.hpp(110) : see declaration of 'NN_lgdt'
C:\Hex-Rays.IDA.Pro.Advanced.v6.5\idasdk\include\allins.hpp(111): error C2365: 'NN_lidt' : redefinition; previous definition was 'enumerator'
          C:\Hex-Rays.IDA.Pro.Advanced.v6.5\idasdk\include\allins.hpp(111) : see declaration of 'NN_lidt'
C:\Hex-Rays.IDA.Pro.Advanced.v6.5\idasdk\include\allins.hpp(112): error C2365: 'NN_lgs' : redefinition; previous definition was 'enumerator'
          C:\Hex-Rays.IDA.Pro.Advanced.v6.5\idasdk\include\allins.hpp(112) : see declaration of 'NN_lgs'
C:\Hex-Rays.IDA.Pro.Advanced.v6.5\idasdk\include\allins.hpp(113): error C2365: 'NN_lss' : redefinition; previous definition was 'enumerator'
          C:\Hex-Rays.IDA.Pro.Advanced.v6.5\idasdk\include\allins.hpp(113) : see declaration of 'NN_lss'
C:\Hex-Rays.IDA.Pro.Advanced.v6.5\idasdk\include\allins.hpp(113): fatal error C1003: error count exceeds 100; stopping compilation
  desquirr.cpp
C:\Hex-Rays.IDA.Pro.Advanced.v6.5\idasdk\include\struct.hpp(316): warning C4996: 'set_member_ti': was declared deprecated
          C:\Hex-Rays.IDA.Pro.Advanced.v6.5\idasdk\include\struct.hpp(315) : see declaration of 'set_member_ti'
C:\Hex-Rays.IDA.Pro.Advanced.v6.5\idasdk\include\allins.hpp(13): error C2365: 'NN_null' : redefinition; previous definition was 'enumerator'
          C:\Hex-Rays.IDA.Pro.Advanced.v6.5\idasdk\include\allins.hpp(13) : see declaration of 'NN_null'
C:\Hex-Rays.IDA.Pro.Advanced.v6.5\idasdk\include\allins.hpp(14): error C2365: 'NN_aaa' : redefinition; previous definition was 'enumerator'
          C:\Hex-Rays.IDA.Pro.Advanced.v6.5\idasdk\include\allins.hpp(14) : see declaration of 'NN_aaa'
C:\Hex-Rays.IDA.Pro.Advanced.v6.5\idasdk\include\allins.hpp(15): error C2365: 'NN_aad' : redefinition; previous definition was 'enumerator'
          C:\Hex-Rays.IDA.Pro.Advanced.v6.5\idasdk\include\allins.hpp(15) : see declaration of 'NN_aad'
C:\Hex-Rays.IDA.Pro.Advanced.v6.5\idasdk\include\allins.hpp(16): error C2365: 'NN_aam' : redefinition; previous definition was 'enumerator'
          C:\Hex-Rays.IDA.Pro.Advanced.v6.5\idasdk\include\allins.hpp(16) : see declaration of 'NN_aam'
C:\Hex-Rays.IDA.Pro.Advanced.v6.5\idasdk\include\allins.hpp(17): error C2365: 'NN_aas' : redefinition; previous definition was 'enumerator'
          C:\Hex-Rays.IDA.Pro.Advanced.v6.5\idasdk\include\allins.hpp(17) : see declaration of 'NN_aas'
C:\Hex-Rays.IDA.Pro.Advanced.v6.5\idasdk\include\allins.hpp(18): error C2365: 'NN_adc' : redefinition; previous definition was 'enumerator'
          C:\Hex-Rays.IDA.Pro.Advanced.v6.5\idasdk\include\allins.hpp(18) : see declaration of 'NN_adc'
C:\Hex-Rays.IDA.Pro.Advanced.v6.5\idasdk\include\allins.hpp(19): error C2365: 'NN_add' : redefinition; previous definition was 'enumerator'
          C:\Hex-Rays.IDA.Pro.Advanced.v6.5\idasdk\include\allins.hpp(19) : see declaration of 'NN_add'
C:\Hex-Rays.IDA.Pro.Advanced.v6.5\idasdk\include\allins.hpp(20): error C2365: 'NN_and' : redefinition; previous definition was 'enumerator'
          C:\Hex-Rays.IDA.Pro.Advanced.v6.5\idasdk\include\allins.hpp(20) : see declaration of 'NN_and'
C:\Hex-Rays.IDA.Pro.Advanced.v6.5\idasdk\include\allins.hpp(21): error C2365: 'NN_arpl' : redefinition; previous definition was 'enumerator'
          C:\Hex-Rays.IDA.Pro.Advanced.v6.5\idasdk\include\allins.hpp(21) : see declaration of 'NN_arpl'
C:\Hex-Rays.IDA.Pro.Advanced.v6.5\idasdk\include\allins.hpp(22): error C2365: 'NN_bound' : redefinition; previous definition was 'enumerator'
          C:\Hex-Rays.IDA.Pro.Advanced.v6.5\idasdk\include\allins.hpp(22) : see declaration of 'NN_bound'
C:\Hex-Rays.IDA.Pro.Advanced.v6.5\idasdk\include\allins.hpp(23): error C2365: 'NN_bsf' : redefinition; previous definition was 'enumerator'
          C:\Hex-Rays.IDA.Pro.Advanced.v6.5\idasdk\include\allins.hpp(23) : see declaration of 'NN_bsf'
C:\Hex-Rays.IDA.Pro.Advanced.v6.5\idasdk\include\allins.hpp(24): error C2365: 'NN_bsr' : redefinition; previous definition was 'enumerator'
          C:\Hex-Rays.IDA.Pro.Advanced.v6.5\idasdk\include\allins.hpp(24) : see declaration of 'NN_bsr'
C:\Hex-Rays.IDA.Pro.Advanced.v6.5\idasdk\include\allins.hpp(25): error C2365: 'NN_bt' : redefinition; previous definition was 'enumerator'
          C:\Hex-Rays.IDA.Pro.Advanced.v6.5\idasdk\include\allins.hpp(25) : see declaration of 'NN_bt'
C:\Hex-Rays.IDA.Pro.Advanced.v6.5\idasdk\include\allins.hpp(26): error C2365: 'NN_btc' : redefinition; previous definition was 'enumerator'
          C:\Hex-Rays.IDA.Pro.Advanced.v6.5\idasdk\include\allins.hpp(26) : see declaration of 'NN_btc'
C:\Hex-Rays.IDA.Pro.Advanced.v6.5\idasdk\include\allins.hpp(27): error C2365: 'NN_btr' : redefinition; previous definition was 'enumerator'
          C:\Hex-Rays.IDA.Pro.Advanced.v6.5\idasdk\include\allins.hpp(27) : see declaration of 'NN_btr'
C:\Hex-Rays.IDA.Pro.Advanced.v6.5\idasdk\include\allins.hpp(28): error C2365: 'NN_bts' : redefinition; previous definition was 'enumerator'
          C:\Hex-Rays.IDA.Pro.Advanced.v6.5\idasdk\include\allins.hpp(28) : see declaration of 'NN_bts'
C:\Hex-Rays.IDA.Pro.Advanced.v6.5\idasdk\include\allins.hpp(29): error C2365: 'NN_call' : redefinition; previous definition was 'enumerator'
          C:\Hex-Rays.IDA.Pro.Advanced.v6.5\idasdk\include\allins.hpp(29) : see declaration of 'NN_call'
C:\Hex-Rays.IDA.Pro.Advanced.v6.5\idasdk\include\allins.hpp(30): error C2365: 'NN_callfi' : redefinition; previous definition was 'enumerator'
          C:\Hex-Rays.IDA.Pro.Advanced.v6.5\idasdk\include\allins.hpp(30) : see declaration of 'NN_callfi'
C:\Hex-Rays.IDA.Pro.Advanced.v6.5\idasdk\include\allins.hpp(31): error C2365: 'NN_callni' : redefinition; previous definition was 'enumerator'
          C:\Hex-Rays.IDA.Pro.Advanced.v6.5\idasdk\include\allins.hpp(31) : see declaration of 'NN_callni'
C:\Hex-Rays.IDA.Pro.Advanced.v6.5\idasdk\include\allins.hpp(32): error C2365: 'NN_cbw' : redefinition; previous definition was 'enumerator'
          C:\Hex-Rays.IDA.Pro.Advanced.v6.5\idasdk\include\allins.hpp(32) : see declaration of 'NN_cbw'
C:\Hex-Rays.IDA.Pro.Advanced.v6.5\idasdk\include\allins.hpp(33): error C2365: 'NN_cwde' : redefinition; previous definition was 'enumerator'
          C:\Hex-Rays.IDA.Pro.Advanced.v6.5\idasdk\include\allins.hpp(33) : see declaration of 'NN_cwde'
C:\Hex-Rays.IDA.Pro.Advanced.v6.5\idasdk\include\allins.hpp(34): error C2365: 'NN_cdqe' : redefinition; previous definition was 'enumerator'
          C:\Hex-Rays.IDA.Pro.Advanced.v6.5\idasdk\include\allins.hpp(34) : see declaration of 'NN_cdqe'
C:\Hex-Rays.IDA.Pro.Advanced.v6.5\idasdk\include\allins.hpp(35): error C2365: 'NN_clc' : redefinition; previous definition was 'enumerator'
          C:\Hex-Rays.IDA.Pro.Advanced.v6.5\idasdk\include\allins.hpp(35) : see declaration of 'NN_clc'
C:\Hex-Rays.IDA.Pro.Advanced.v6.5\idasdk\include\allins.hpp(36): error C2365: 'NN_cld' : redefinition; previous definition was 'enumerator'
          C:\Hex-Rays.IDA.Pro.Advanced.v6.5\idasdk\include\allins.hpp(36) : see declaration of 'NN_cld'
C:\Hex-Rays.IDA.Pro.Advanced.v6.5\idasdk\include\allins.hpp(37): error C2365: 'NN_cli' : redefinition; previous definition was 'enumerator'
          C:\Hex-Rays.IDA.Pro.Advanced.v6.5\idasdk\include\allins.hpp(37) : see declaration of 'NN_cli'
C:\Hex-Rays.IDA.Pro.Advanced.v6.5\idasdk\include\allins.hpp(38): error C2365: 'NN_clts' : redefinition; previous definition was 'enumerator'
          C:\Hex-Rays.IDA.Pro.Advanced.v6.5\idasdk\include\allins.hpp(38) : see declaration of 'NN_clts'
C:\Hex-Rays.IDA.Pro.Advanced.v6.5\idasdk\include\allins.hpp(39): error C2365: 'NN_cmc' : redefinition; previous definition was 'enumerator'
          C:\Hex-Rays.IDA.Pro.Advanced.v6.5\idasdk\include\allins.hpp(39) : see declaration of 'NN_cmc'
C:\Hex-Rays.IDA.Pro.Advanced.v6.5\idasdk\include\allins.hpp(40): error C2365: 'NN_cmp' : redefinition; previous definition was 'enumerator'
          C:\Hex-Rays.IDA.Pro.Advanced.v6.5\idasdk\include\allins.hpp(40) : see declaration of 'NN_cmp'
C:\Hex-Rays.IDA.Pro.Advanced.v6.5\idasdk\include\allins.hpp(41): error C2365: 'NN_cmps' : redefinition; previous definition was 'enumerator'
          C:\Hex-Rays.IDA.Pro.Advanced.v6.5\idasdk\include\allins.hpp(41) : see declaration of 'NN_cmps'
C:\Hex-Rays.IDA.Pro.Advanced.v6.5\idasdk\include\allins.hpp(42): error C2365: 'NN_cwd' : redefinition; previous definition was 'enumerator'
          C:\Hex-Rays.IDA.Pro.Advanced.v6.5\idasdk\include\allins.hpp(42) : see declaration of 'NN_cwd'
C:\Hex-Rays.IDA.Pro.Advanced.v6.5\idasdk\include\allins.hpp(43): error C2365: 'NN_cdq' : redefinition; previous definition was 'enumerator'
          C:\Hex-Rays.IDA.Pro.Advanced.v6.5\idasdk\include\allins.hpp(43) : see declaration of 'NN_cdq'
C:\Hex-Rays.IDA.Pro.Advanced.v6.5\idasdk\include\allins.hpp(44): error C2365: 'NN_cqo' : redefinition; previous definition was 'enumerator'
          C:\Hex-Rays.IDA.Pro.Advanced.v6.5\idasdk\include\allins.hpp(44) : see declaration of 'NN_cqo'
C:\Hex-Rays.IDA.Pro.Advanced.v6.5\idasdk\include\allins.hpp(45): error C2365: 'NN_daa' : redefinition; previous definition was 'enumerator'
          C:\Hex-Rays.IDA.Pro.Advanced.v6.5\idasdk\include\allins.hpp(45) : see declaration of 'NN_daa'
C:\Hex-Rays.IDA.Pro.Advanced.v6.5\idasdk\include\allins.hpp(46): error C2365: 'NN_das' : redefinition; previous definition was 'enumerator'
          C:\Hex-Rays.IDA.Pro.Advanced.v6.5\idasdk\include\allins.hpp(46) : see declaration of 'NN_das'
C:\Hex-Rays.IDA.Pro.Advanced.v6.5\idasdk\include\allins.hpp(47): error C2365: 'NN_dec' : redefinition; previous definition was 'enumerator'
          C:\Hex-Rays.IDA.Pro.Advanced.v6.5\idasdk\include\allins.hpp(47) : see declaration of 'NN_dec'
C:\Hex-Rays.IDA.Pro.Advanced.v6.5\idasdk\include\allins.hpp(48): error C2365: 'NN_div' : redefinition; previous definition was 'enumerator'
          C:\Hex-Rays.IDA.Pro.Advanced.v6.5\idasdk\include\allins.hpp(48) : see declaration of 'NN_div'
C:\Hex-Rays.IDA.Pro.Advanced.v6.5\idasdk\include\allins.hpp(49): error C2365: 'NN_enterw' : redefinition; previous definition was 'enumerator'
          C:\Hex-Rays.IDA.Pro.Advanced.v6.5\idasdk\include\allins.hpp(49) : see declaration of 'NN_enterw'
C:\Hex-Rays.IDA.Pro.Advanced.v6.5\idasdk\include\allins.hpp(50): error C2365: 'NN_enter' : redefinition; previous definition was 'enumerator'
          C:\Hex-Rays.IDA.Pro.Advanced.v6.5\idasdk\include\allins.hpp(50) : see declaration of 'NN_enter'
C:\Hex-Rays.IDA.Pro.Advanced.v6.5\idasdk\include\allins.hpp(51): error C2365: 'NN_enterd' : redefinition; previous definition was 'enumerator'
          C:\Hex-Rays.IDA.Pro.Advanced.v6.5\idasdk\include\allins.hpp(51) : see declaration of 'NN_enterd'
C:\Hex-Rays.IDA.Pro.Advanced.v6.5\idasdk\include\allins.hpp(52): error C2365: 'NN_enterq' : redefinition; previous definition was 'enumerator'
          C:\Hex-Rays.IDA.Pro.Advanced.v6.5\idasdk\include\allins.hpp(52) : see declaration of 'NN_enterq'
C:\Hex-Rays.IDA.Pro.Advanced.v6.5\idasdk\include\allins.hpp(53): error C2365: 'NN_hlt' : redefinition; previous definition was 'enumerator'
          C:\Hex-Rays.IDA.Pro.Advanced.v6.5\idasdk\include\allins.hpp(53) : see declaration of 'NN_hlt'
C:\Hex-Rays.IDA.Pro.Advanced.v6.5\idasdk\include\allins.hpp(54): error C2365: 'NN_idiv' : redefinition; previous definition was 'enumerator'
          C:\Hex-Rays.IDA.Pro.Advanced.v6.5\idasdk\include\allins.hpp(54) : see declaration of 'NN_idiv'
C:\Hex-Rays.IDA.Pro.Advanced.v6.5\idasdk\include\allins.hpp(55): error C2365: 'NN_imul' : redefinition; previous definition was 'enumerator'
          C:\Hex-Rays.IDA.Pro.Advanced.v6.5\idasdk\include\allins.hpp(55) : see declaration of 'NN_imul'
C:\Hex-Rays.IDA.Pro.Advanced.v6.5\idasdk\include\allins.hpp(56): error C2365: 'NN_in' : redefinition; previous definition was 'enumerator'
          C:\Hex-Rays.IDA.Pro.Advanced.v6.5\idasdk\include\allins.hpp(56) : see declaration of 'NN_in'
C:\Hex-Rays.IDA.Pro.Advanced.v6.5\idasdk\include\allins.hpp(57): error C2365: 'NN_inc' : redefinition; previous definition was 'enumerator'
          C:\Hex-Rays.IDA.Pro.Advanced.v6.5\idasdk\include\allins.hpp(57) : see declaration of 'NN_inc'
C:\Hex-Rays.IDA.Pro.Advanced.v6.5\idasdk\include\allins.hpp(58): error C2365: 'NN_ins' : redefinition; previous definition was 'enumerator'
          C:\Hex-Rays.IDA.Pro.Advanced.v6.5\idasdk\include\allins.hpp(58) : see declaration of 'NN_ins'
C:\Hex-Rays.IDA.Pro.Advanced.v6.5\idasdk\include\allins.hpp(59): error C2365: 'NN_int' : redefinition; previous definition was 'enumerator'
          C:\Hex-Rays.IDA.Pro.Advanced.v6.5\idasdk\include\allins.hpp(59) : see declaration of 'NN_int'
C:\Hex-Rays.IDA.Pro.Advanced.v6.5\idasdk\include\allins.hpp(60): error C2365: 'NN_into' : redefinition; previous definition was 'enumerator'
          C:\Hex-Rays.IDA.Pro.Advanced.v6.5\idasdk\include\allins.hpp(60) : see declaration of 'NN_into'
C:\Hex-Rays.IDA.Pro.Advanced.v6.5\idasdk\include\allins.hpp(61): error C2365: 'NN_int3' : redefinition; previous definition was 'enumerator'
          C:\Hex-Rays.IDA.Pro.Advanced.v6.5\idasdk\include\allins.hpp(61) : see declaration of 'NN_int3'
C:\Hex-Rays.IDA.Pro.Advanced.v6.5\idasdk\include\allins.hpp(62): error C2365: 'NN_iretw' : redefinition; previous definition was 'enumerator'
          C:\Hex-Rays.IDA.Pro.Advanced.v6.5\idasdk\include\allins.hpp(62) : see declaration of 'NN_iretw'
C:\Hex-Rays.IDA.Pro.Advanced.v6.5\idasdk\include\allins.hpp(63): error C2365: 'NN_iret' : redefinition; previous definition was 'enumerator'
          C:\Hex-Rays.IDA.Pro.Advanced.v6.5\idasdk\include\allins.hpp(63) : see declaration of 'NN_iret'
C:\Hex-Rays.IDA.Pro.Advanced.v6.5\idasdk\include\allins.hpp(64): error C2365: 'NN_iretd' : redefinition; previous definition was 'enumerator'
          C:\Hex-Rays.IDA.Pro.Advanced.v6.5\idasdk\include\allins.hpp(64) : see declaration of 'NN_iretd'
C:\Hex-Rays.IDA.Pro.Advanced.v6.5\idasdk\include\allins.hpp(65): error C2365: 'NN_iretq' : redefinition; previous definition was 'enumerator'
          C:\Hex-Rays.IDA.Pro.Advanced.v6.5\idasdk\include\allins.hpp(65) : see declaration of 'NN_iretq'
C:\Hex-Rays.IDA.Pro.Advanced.v6.5\idasdk\include\allins.hpp(66): error C2365: 'NN_ja' : redefinition; previous definition was 'enumerator'
          C:\Hex-Rays.IDA.Pro.Advanced.v6.5\idasdk\include\allins.hpp(66) : see declaration of 'NN_ja'
C:\Hex-Rays.IDA.Pro.Advanced.v6.5\idasdk\include\allins.hpp(67): error C2365: 'NN_jae' : redefinition; previous definition was 'enumerator'
          C:\Hex-Rays.IDA.Pro.Advanced.v6.5\idasdk\include\allins.hpp(67) : see declaration of 'NN_jae'
C:\Hex-Rays.IDA.Pro.Advanced.v6.5\idasdk\include\allins.hpp(68): error C2365: 'NN_jb' : redefinition; previous definition was 'enumerator'
          C:\Hex-Rays.IDA.Pro.Advanced.v6.5\idasdk\include\allins.hpp(68) : see declaration of 'NN_jb'
C:\Hex-Rays.IDA.Pro.Advanced.v6.5\idasdk\include\allins.hpp(69): error C2365: 'NN_jbe' : redefinition; previous definition was 'enumerator'
          C:\Hex-Rays.IDA.Pro.Advanced.v6.5\idasdk\include\allins.hpp(69) : see declaration of 'NN_jbe'
C:\Hex-Rays.IDA.Pro.Advanced.v6.5\idasdk\include\allins.hpp(70): error C2365: 'NN_jc' : redefinition; previous definition was 'enumerator'
          C:\Hex-Rays.IDA.Pro.Advanced.v6.5\idasdk\include\allins.hpp(70) : see declaration of 'NN_jc'
C:\Hex-Rays.IDA.Pro.Advanced.v6.5\idasdk\include\allins.hpp(71): error C2365: 'NN_jcxz' : redefinition; previous definition was 'enumerator'
          C:\Hex-Rays.IDA.Pro.Advanced.v6.5\idasdk\include\allins.hpp(71) : see declaration of 'NN_jcxz'
C:\Hex-Rays.IDA.Pro.Advanced.v6.5\idasdk\include\allins.hpp(72): error C2365: 'NN_jecxz' : redefinition; previous definition was 'enumerator'
          C:\Hex-Rays.IDA.Pro.Advanced.v6.5\idasdk\include\allins.hpp(72) : see declaration of 'NN_jecxz'
C:\Hex-Rays.IDA.Pro.Advanced.v6.5\idasdk\include\allins.hpp(73): error C2365: 'NN_jrcxz' : redefinition; previous definition was 'enumerator'
          C:\Hex-Rays.IDA.Pro.Advanced.v6.5\idasdk\include\allins.hpp(73) : see declaration of 'NN_jrcxz'
C:\Hex-Rays.IDA.Pro.Advanced.v6.5\idasdk\include\allins.hpp(74): error C2365: 'NN_je' : redefinition; previous definition was 'enumerator'
          C:\Hex-Rays.IDA.Pro.Advanced.v6.5\idasdk\include\allins.hpp(74) : see declaration of 'NN_je'
C:\Hex-Rays.IDA.Pro.Advanced.v6.5\idasdk\include\allins.hpp(75): error C2365: 'NN_jg' : redefinition; previous definition was 'enumerator'
          C:\Hex-Rays.IDA.Pro.Advanced.v6.5\idasdk\include\allins.hpp(75) : see declaration of 'NN_jg'
C:\Hex-Rays.IDA.Pro.Advanced.v6.5\idasdk\include\allins.hpp(76): error C2365: 'NN_jge' : redefinition; previous definition was 'enumerator'
          C:\Hex-Rays.IDA.Pro.Advanced.v6.5\idasdk\include\allins.hpp(76) : see declaration of 'NN_jge'
C:\Hex-Rays.IDA.Pro.Advanced.v6.5\idasdk\include\allins.hpp(77): error C2365: 'NN_jl' : redefinition; previous definition was 'enumerator'
          C:\Hex-Rays.IDA.Pro.Advanced.v6.5\idasdk\include\allins.hpp(77) : see declaration of 'NN_jl'
C:\Hex-Rays.IDA.Pro.Advanced.v6.5\idasdk\include\allins.hpp(78): error C2365: 'NN_jle' : redefinition; previous definition was 'enumerator'
          C:\Hex-Rays.IDA.Pro.Advanced.v6.5\idasdk\include\allins.hpp(78) : see declaration of 'NN_jle'
C:\Hex-Rays.IDA.Pro.Advanced.v6.5\idasdk\include\allins.hpp(79): error C2365: 'NN_jna' : redefinition; previous definition was 'enumerator'
          C:\Hex-Rays.IDA.Pro.Advanced.v6.5\idasdk\include\allins.hpp(79) : see declaration of 'NN_jna'
C:\Hex-Rays.IDA.Pro.Advanced.v6.5\idasdk\include\allins.hpp(80): error C2365: 'NN_jnae' : redefinition; previous definition was 'enumerator'
          C:\Hex-Rays.IDA.Pro.Advanced.v6.5\idasdk\include\allins.hpp(80) : see declaration of 'NN_jnae'
C:\Hex-Rays.IDA.Pro.Advanced.v6.5\idasdk\include\allins.hpp(81): error C2365: 'NN_jnb' : redefinition; previous definition was 'enumerator'
          C:\Hex-Rays.IDA.Pro.Advanced.v6.5\idasdk\include\allins.hpp(81) : see declaration of 'NN_jnb'
C:\Hex-Rays.IDA.Pro.Advanced.v6.5\idasdk\include\allins.hpp(82): error C2365: 'NN_jnbe' : redefinition; previous definition was 'enumerator'
          C:\Hex-Rays.IDA.Pro.Advanced.v6.5\idasdk\include\allins.hpp(82) : see declaration of 'NN_jnbe'
C:\Hex-Rays.IDA.Pro.Advanced.v6.5\idasdk\include\allins.hpp(83): error C2365: 'NN_jnc' : redefinition; previous definition was 'enumerator'
          C:\Hex-Rays.IDA.Pro.Advanced.v6.5\idasdk\include\allins.hpp(83) : see declaration of 'NN_jnc'
C:\Hex-Rays.IDA.Pro.Advanced.v6.5\idasdk\include\allins.hpp(84): error C2365: 'NN_jne' : redefinition; previous definition was 'enumerator'
          C:\Hex-Rays.IDA.Pro.Advanced.v6.5\idasdk\include\allins.hpp(84) : see declaration of 'NN_jne'
C:\Hex-Rays.IDA.Pro.Advanced.v6.5\idasdk\include\allins.hpp(85): error C2365: 'NN_jng' : redefinition; previous definition was 'enumerator'
          C:\Hex-Rays.IDA.Pro.Advanced.v6.5\idasdk\include\allins.hpp(85) : see declaration of 'NN_jng'
C:\Hex-Rays.IDA.Pro.Advanced.v6.5\idasdk\include\allins.hpp(86): error C2365: 'NN_jnge' : redefinition; previous definition was 'enumerator'
          C:\Hex-Rays.IDA.Pro.Advanced.v6.5\idasdk\include\allins.hpp(86) : see declaration of 'NN_jnge'
C:\Hex-Rays.IDA.Pro.Advanced.v6.5\idasdk\include\allins.hpp(87): error C2365: 'NN_jnl' : redefinition; previous definition was 'enumerator'
          C:\Hex-Rays.IDA.Pro.Advanced.v6.5\idasdk\include\allins.hpp(87) : see declaration of 'NN_jnl'
C:\Hex-Rays.IDA.Pro.Advanced.v6.5\idasdk\include\allins.hpp(88): error C2365: 'NN_jnle' : redefinition; previous definition was 'enumerator'
          C:\Hex-Rays.IDA.Pro.Advanced.v6.5\idasdk\include\allins.hpp(88) : see declaration of 'NN_jnle'
C:\Hex-Rays.IDA.Pro.Advanced.v6.5\idasdk\include\allins.hpp(89): error C2365: 'NN_jno' : redefinition; previous definition was 'enumerator'
          C:\Hex-Rays.IDA.Pro.Advanced.v6.5\idasdk\include\allins.hpp(89) : see declaration of 'NN_jno'
C:\Hex-Rays.IDA.Pro.Advanced.v6.5\idasdk\include\allins.hpp(90): error C2365: 'NN_jnp' : redefinition; previous definition was 'enumerator'
          C:\Hex-Rays.IDA.Pro.Advanced.v6.5\idasdk\include\allins.hpp(90) : see declaration of 'NN_jnp'
C:\Hex-Rays.IDA.Pro.Advanced.v6.5\idasdk\include\allins.hpp(91): error C2365: 'NN_jns' : redefinition; previous definition was 'enumerator'
          C:\Hex-Rays.IDA.Pro.Advanced.v6.5\idasdk\include\allins.hpp(91) : see declaration of 'NN_jns'
C:\Hex-Rays.IDA.Pro.Advanced.v6.5\idasdk\include\allins.hpp(92): error C2365: 'NN_jnz' : redefinition; previous definition was 'enumerator'
          C:\Hex-Rays.IDA.Pro.Advanced.v6.5\idasdk\include\allins.hpp(92) : see declaration of 'NN_jnz'
C:\Hex-Rays.IDA.Pro.Advanced.v6.5\idasdk\include\allins.hpp(93): error C2365: 'NN_jo' : redefinition; previous definition was 'enumerator'
          C:\Hex-Rays.IDA.Pro.Advanced.v6.5\idasdk\include\allins.hpp(93) : see declaration of 'NN_jo'
C:\Hex-Rays.IDA.Pro.Advanced.v6.5\idasdk\include\allins.hpp(94): error C2365: 'NN_jp' : redefinition; previous definition was 'enumerator'
          C:\Hex-Rays.IDA.Pro.Advanced.v6.5\idasdk\include\allins.hpp(94) : see declaration of 'NN_jp'
C:\Hex-Rays.IDA.Pro.Advanced.v6.5\idasdk\include\allins.hpp(95): error C2365: 'NN_jpe' : redefinition; previous definition was 'enumerator'
          C:\Hex-Rays.IDA.Pro.Advanced.v6.5\idasdk\include\allins.hpp(95) : see declaration of 'NN_jpe'
C:\Hex-Rays.IDA.Pro.Advanced.v6.5\idasdk\include\allins.hpp(96): error C2365: 'NN_jpo' : redefinition; previous definition was 'enumerator'
          C:\Hex-Rays.IDA.Pro.Advanced.v6.5\idasdk\include\allins.hpp(96) : see declaration of 'NN_jpo'
C:\Hex-Rays.IDA.Pro.Advanced.v6.5\idasdk\include\allins.hpp(97): error C2365: 'NN_js' : redefinition; previous definition was 'enumerator'
          C:\Hex-Rays.IDA.Pro.Advanced.v6.5\idasdk\include\allins.hpp(97) : see declaration of 'NN_js'
C:\Hex-Rays.IDA.Pro.Advanced.v6.5\idasdk\include\allins.hpp(98): error C2365: 'NN_jz' : redefinition; previous definition was 'enumerator'
          C:\Hex-Rays.IDA.Pro.Advanced.v6.5\idasdk\include\allins.hpp(98) : see declaration of 'NN_jz'
C:\Hex-Rays.IDA.Pro.Advanced.v6.5\idasdk\include\allins.hpp(99): error C2365: 'NN_jmp' : redefinition; previous definition was 'enumerator'
          C:\Hex-Rays.IDA.Pro.Advanced.v6.5\idasdk\include\allins.hpp(99) : see declaration of 'NN_jmp'
C:\Hex-Rays.IDA.Pro.Advanced.v6.5\idasdk\include\allins.hpp(100): error C2365: 'NN_jmpfi' : redefinition; previous definition was 'enumerator'
          C:\Hex-Rays.IDA.Pro.Advanced.v6.5\idasdk\include\allins.hpp(100) : see declaration of 'NN_jmpfi'
C:\Hex-Rays.IDA.Pro.Advanced.v6.5\idasdk\include\allins.hpp(101): error C2365: 'NN_jmpni' : redefinition; previous definition was 'enumerator'
          C:\Hex-Rays.IDA.Pro.Advanced.v6.5\idasdk\include\allins.hpp(101) : see declaration of 'NN_jmpni'
C:\Hex-Rays.IDA.Pro.Advanced.v6.5\idasdk\include\allins.hpp(102): error C2365: 'NN_jmpshort' : redefinition; previous definition was 'enumerator'
          C:\Hex-Rays.IDA.Pro.Advanced.v6.5\idasdk\include\allins.hpp(102) : see declaration of 'NN_jmpshort'
C:\Hex-Rays.IDA.Pro.Advanced.v6.5\idasdk\include\allins.hpp(103): error C2365: 'NN_lahf' : redefinition; previous definition was 'enumerator'
          C:\Hex-Rays.IDA.Pro.Advanced.v6.5\idasdk\include\allins.hpp(103) : see declaration of 'NN_lahf'
C:\Hex-Rays.IDA.Pro.Advanced.v6.5\idasdk\include\allins.hpp(104): error C2365: 'NN_lar' : redefinition; previous definition was 'enumerator'
          C:\Hex-Rays.IDA.Pro.Advanced.v6.5\idasdk\include\allins.hpp(104) : see declaration of 'NN_lar'
C:\Hex-Rays.IDA.Pro.Advanced.v6.5\idasdk\include\allins.hpp(105): error C2365: 'NN_lea' : redefinition; previous definition was 'enumerator'
          C:\Hex-Rays.IDA.Pro.Advanced.v6.5\idasdk\include\allins.hpp(105) : see declaration of 'NN_lea'
C:\Hex-Rays.IDA.Pro.Advanced.v6.5\idasdk\include\allins.hpp(106): error C2365: 'NN_leavew' : redefinition; previous definition was 'enumerator'
          C:\Hex-Rays.IDA.Pro.Advanced.v6.5\idasdk\include\allins.hpp(106) : see declaration of 'NN_leavew'
C:\Hex-Rays.IDA.Pro.Advanced.v6.5\idasdk\include\allins.hpp(107): error C2365: 'NN_leave' : redefinition; previous definition was 'enumerator'
          C:\Hex-Rays.IDA.Pro.Advanced.v6.5\idasdk\include\allins.hpp(107) : see declaration of 'NN_leave'
C:\Hex-Rays.IDA.Pro.Advanced.v6.5\idasdk\include\allins.hpp(108): error C2365: 'NN_leaved' : redefinition; previous definition was 'enumerator'
          C:\Hex-Rays.IDA.Pro.Advanced.v6.5\idasdk\include\allins.hpp(108) : see declaration of 'NN_leaved'
C:\Hex-Rays.IDA.Pro.Advanced.v6.5\idasdk\include\allins.hpp(109): error C2365: 'NN_leaveq' : redefinition; previous definition was 'enumerator'
          C:\Hex-Rays.IDA.Pro.Advanced.v6.5\idasdk\include\allins.hpp(109) : see declaration of 'NN_leaveq'
C:\Hex-Rays.IDA.Pro.Advanced.v6.5\idasdk\include\allins.hpp(110): error C2365: 'NN_lgdt' : redefinition; previous definition was 'enumerator'
          C:\Hex-Rays.IDA.Pro.Advanced.v6.5\idasdk\include\allins.hpp(110) : see declaration of 'NN_lgdt'
C:\Hex-Rays.IDA.Pro.Advanced.v6.5\idasdk\include\allins.hpp(111): error C2365: 'NN_lidt' : redefinition; previous definition was 'enumerator'
          C:\Hex-Rays.IDA.Pro.Advanced.v6.5\idasdk\include\allins.hpp(111) : see declaration of 'NN_lidt'
C:\Hex-Rays.IDA.Pro.Advanced.v6.5\idasdk\include\allins.hpp(112): error C2365: 'NN_lgs' : redefinition; previous definition was 'enumerator'
          C:\Hex-Rays.IDA.Pro.Advanced.v6.5\idasdk\include\allins.hpp(112) : see declaration of 'NN_lgs'
C:\Hex-Rays.IDA.Pro.Advanced.v6.5\idasdk\include\allins.hpp(113): error C2365: 'NN_lss' : redefinition; previous definition was 'enumerator'
          C:\Hex-Rays.IDA.Pro.Advanced.v6.5\idasdk\include\allins.hpp(113) : see declaration of 'NN_lss'
C:\Hex-Rays.IDA.Pro.Advanced.v6.5\idasdk\include\allins.hpp(113): fatal error C1003: error count exceeds 100; stopping compilation
  expression.cpp
C:\Hex-Rays.IDA.Pro.Advanced.v6.5\idasdk\include\struct.hpp(316): warning C4996: 'set_member_ti': was declared deprecated
          C:\Hex-Rays.IDA.Pro.Advanced.v6.5\idasdk\include\struct.hpp(315) : see declaration of 'set_member_ti'
expression.cpp(193): warning C4996: 'get_ascii_contents': was declared deprecated
          C:\Hex-Rays.IDA.Pro.Advanced.v6.5\idasdk\include\bytes.hpp(2190) : see declaration of 'get_ascii_contents'
  frontend.cpp
  function.cpp
  ida-arm.cpp
C:\Hex-Rays.IDA.Pro.Advanced.v6.5\idasdk\include\struct.hpp(316): warning C4996: 'set_member_ti': was declared deprecated
          C:\Hex-Rays.IDA.Pro.Advanced.v6.5\idasdk\include\struct.hpp(315) : see declaration of 'set_member_ti'
ida-arm.cpp(330): warning C4996: 'ua_code': was declared deprecated
          C:\Hex-Rays.IDA.Pro.Advanced.v6.5\idasdk\include\ua.hpp(965) : see declaration of 'ua_code'
  ida-x86.cpp
C:\Hex-Rays.IDA.Pro.Advanced.v6.5\idasdk\include\struct.hpp(316): warning C4996: 'set_member_ti': was declared deprecated
          C:\Hex-Rays.IDA.Pro.Advanced.v6.5\idasdk\include\struct.hpp(315) : see declaration of 'set_member_ti'
C:\Hex-Rays.IDA.Pro.Advanced.v6.5\idasdk\include\allins.hpp(13): error C2365: 'NN_null' : redefinition; previous definition was 'enumerator'
          C:\Hex-Rays.IDA.Pro.Advanced.v6.5\idasdk\include\allins.hpp(13) : see declaration of 'NN_null'
C:\Hex-Rays.IDA.Pro.Advanced.v6.5\idasdk\include\allins.hpp(14): error C2365: 'NN_aaa' : redefinition; previous definition was 'enumerator'
          C:\Hex-Rays.IDA.Pro.Advanced.v6.5\idasdk\include\allins.hpp(14) : see declaration of 'NN_aaa'
C:\Hex-Rays.IDA.Pro.Advanced.v6.5\idasdk\include\allins.hpp(15): error C2365: 'NN_aad' : redefinition; previous definition was 'enumerator'
          C:\Hex-Rays.IDA.Pro.Advanced.v6.5\idasdk\include\allins.hpp(15) : see declaration of 'NN_aad'
C:\Hex-Rays.IDA.Pro.Advanced.v6.5\idasdk\include\allins.hpp(16): error C2365: 'NN_aam' : redefinition; previous definition was 'enumerator'
          C:\Hex-Rays.IDA.Pro.Advanced.v6.5\idasdk\include\allins.hpp(16) : see declaration of 'NN_aam'
C:\Hex-Rays.IDA.Pro.Advanced.v6.5\idasdk\include\allins.hpp(17): error C2365: 'NN_aas' : redefinition; previous definition was 'enumerator'
          C:\Hex-Rays.IDA.Pro.Advanced.v6.5\idasdk\include\allins.hpp(17) : see declaration of 'NN_aas'
C:\Hex-Rays.IDA.Pro.Advanced.v6.5\idasdk\include\allins.hpp(18): error C2365: 'NN_adc' : redefinition; previous definition was 'enumerator'
          C:\Hex-Rays.IDA.Pro.Advanced.v6.5\idasdk\include\allins.hpp(18) : see declaration of 'NN_adc'
C:\Hex-Rays.IDA.Pro.Advanced.v6.5\idasdk\include\allins.hpp(19): error C2365: 'NN_add' : redefinition; previous definition was 'enumerator'
          C:\Hex-Rays.IDA.Pro.Advanced.v6.5\idasdk\include\allins.hpp(19) : see declaration of 'NN_add'
C:\Hex-Rays.IDA.Pro.Advanced.v6.5\idasdk\include\allins.hpp(20): error C2365: 'NN_and' : redefinition; previous definition was 'enumerator'
          C:\Hex-Rays.IDA.Pro.Advanced.v6.5\idasdk\include\allins.hpp(20) : see declaration of 'NN_and'
C:\Hex-Rays.IDA.Pro.Advanced.v6.5\idasdk\include\allins.hpp(21): error C2365: 'NN_arpl' : redefinition; previous definition was 'enumerator'
          C:\Hex-Rays.IDA.Pro.Advanced.v6.5\idasdk\include\allins.hpp(21) : see declaration of 'NN_arpl'
C:\Hex-Rays.IDA.Pro.Advanced.v6.5\idasdk\include\allins.hpp(22): error C2365: 'NN_bound' : redefinition; previous definition was 'enumerator'
          C:\Hex-Rays.IDA.Pro.Advanced.v6.5\idasdk\include\allins.hpp(22) : see declaration of 'NN_bound'
C:\Hex-Rays.IDA.Pro.Advanced.v6.5\idasdk\include\allins.hpp(23): error C2365: 'NN_bsf' : redefinition; previous definition was 'enumerator'
          C:\Hex-Rays.IDA.Pro.Advanced.v6.5\idasdk\include\allins.hpp(23) : see declaration of 'NN_bsf'
C:\Hex-Rays.IDA.Pro.Advanced.v6.5\idasdk\include\allins.hpp(24): error C2365: 'NN_bsr' : redefinition; previous definition was 'enumerator'
          C:\Hex-Rays.IDA.Pro.Advanced.v6.5\idasdk\include\allins.hpp(24) : see declaration of 'NN_bsr'
C:\Hex-Rays.IDA.Pro.Advanced.v6.5\idasdk\include\allins.hpp(25): error C2365: 'NN_bt' : redefinition; previous definition was 'enumerator'
          C:\Hex-Rays.IDA.Pro.Advanced.v6.5\idasdk\include\allins.hpp(25) : see declaration of 'NN_bt'
C:\Hex-Rays.IDA.Pro.Advanced.v6.5\idasdk\include\allins.hpp(26): error C2365: 'NN_btc' : redefinition; previous definition was 'enumerator'
          C:\Hex-Rays.IDA.Pro.Advanced.v6.5\idasdk\include\allins.hpp(26) : see declaration of 'NN_btc'
C:\Hex-Rays.IDA.Pro.Advanced.v6.5\idasdk\include\allins.hpp(27): error C2365: 'NN_btr' : redefinition; previous definition was 'enumerator'
          C:\Hex-Rays.IDA.Pro.Advanced.v6.5\idasdk\include\allins.hpp(27) : see declaration of 'NN_btr'
C:\Hex-Rays.IDA.Pro.Advanced.v6.5\idasdk\include\allins.hpp(28): error C2365: 'NN_bts' : redefinition; previous definition was 'enumerator'
          C:\Hex-Rays.IDA.Pro.Advanced.v6.5\idasdk\include\allins.hpp(28) : see declaration of 'NN_bts'
C:\Hex-Rays.IDA.Pro.Advanced.v6.5\idasdk\include\allins.hpp(29): error C2365: 'NN_call' : redefinition; previous definition was 'enumerator'
          C:\Hex-Rays.IDA.Pro.Advanced.v6.5\idasdk\include\allins.hpp(29) : see declaration of 'NN_call'
C:\Hex-Rays.IDA.Pro.Advanced.v6.5\idasdk\include\allins.hpp(30): error C2365: 'NN_callfi' : redefinition; previous definition was 'enumerator'
          C:\Hex-Rays.IDA.Pro.Advanced.v6.5\idasdk\include\allins.hpp(30) : see declaration of 'NN_callfi'
C:\Hex-Rays.IDA.Pro.Advanced.v6.5\idasdk\include\allins.hpp(31): error C2365: 'NN_callni' : redefinition; previous definition was 'enumerator'
          C:\Hex-Rays.IDA.Pro.Advanced.v6.5\idasdk\include\allins.hpp(31) : see declaration of 'NN_callni'
C:\Hex-Rays.IDA.Pro.Advanced.v6.5\idasdk\include\allins.hpp(32): error C2365: 'NN_cbw' : redefinition; previous definition was 'enumerator'
          C:\Hex-Rays.IDA.Pro.Advanced.v6.5\idasdk\include\allins.hpp(32) : see declaration of 'NN_cbw'
C:\Hex-Rays.IDA.Pro.Advanced.v6.5\idasdk\include\allins.hpp(33): error C2365: 'NN_cwde' : redefinition; previous definition was 'enumerator'
          C:\Hex-Rays.IDA.Pro.Advanced.v6.5\idasdk\include\allins.hpp(33) : see declaration of 'NN_cwde'
C:\Hex-Rays.IDA.Pro.Advanced.v6.5\idasdk\include\allins.hpp(34): error C2365: 'NN_cdqe' : redefinition; previous definition was 'enumerator'
          C:\Hex-Rays.IDA.Pro.Advanced.v6.5\idasdk\include\allins.hpp(34) : see declaration of 'NN_cdqe'
C:\Hex-Rays.IDA.Pro.Advanced.v6.5\idasdk\include\allins.hpp(35): error C2365: 'NN_clc' : redefinition; previous definition was 'enumerator'
          C:\Hex-Rays.IDA.Pro.Advanced.v6.5\idasdk\include\allins.hpp(35) : see declaration of 'NN_clc'
C:\Hex-Rays.IDA.Pro.Advanced.v6.5\idasdk\include\allins.hpp(36): error C2365: 'NN_cld' : redefinition; previous definition was 'enumerator'
          C:\Hex-Rays.IDA.Pro.Advanced.v6.5\idasdk\include\allins.hpp(36) : see declaration of 'NN_cld'
C:\Hex-Rays.IDA.Pro.Advanced.v6.5\idasdk\include\allins.hpp(37): error C2365: 'NN_cli' : redefinition; previous definition was 'enumerator'
          C:\Hex-Rays.IDA.Pro.Advanced.v6.5\idasdk\include\allins.hpp(37) : see declaration of 'NN_cli'
C:\Hex-Rays.IDA.Pro.Advanced.v6.5\idasdk\include\allins.hpp(38): error C2365: 'NN_clts' : redefinition; previous definition was 'enumerator'
          C:\Hex-Rays.IDA.Pro.Advanced.v6.5\idasdk\include\allins.hpp(38) : see declaration of 'NN_clts'
C:\Hex-Rays.IDA.Pro.Advanced.v6.5\idasdk\include\allins.hpp(39): error C2365: 'NN_cmc' : redefinition; previous definition was 'enumerator'
          C:\Hex-Rays.IDA.Pro.Advanced.v6.5\idasdk\include\allins.hpp(39) : see declaration of 'NN_cmc'
C:\Hex-Rays.IDA.Pro.Advanced.v6.5\idasdk\include\allins.hpp(40): error C2365: 'NN_cmp' : redefinition; previous definition was 'enumerator'
          C:\Hex-Rays.IDA.Pro.Advanced.v6.5\idasdk\include\allins.hpp(40) : see declaration of 'NN_cmp'
C:\Hex-Rays.IDA.Pro.Advanced.v6.5\idasdk\include\allins.hpp(41): error C2365: 'NN_cmps' : redefinition; previous definition was 'enumerator'
          C:\Hex-Rays.IDA.Pro.Advanced.v6.5\idasdk\include\allins.hpp(41) : see declaration of 'NN_cmps'
C:\Hex-Rays.IDA.Pro.Advanced.v6.5\idasdk\include\allins.hpp(42): error C2365: 'NN_cwd' : redefinition; previous definition was 'enumerator'
          C:\Hex-Rays.IDA.Pro.Advanced.v6.5\idasdk\include\allins.hpp(42) : see declaration of 'NN_cwd'
C:\Hex-Rays.IDA.Pro.Advanced.v6.5\idasdk\include\allins.hpp(43): error C2365: 'NN_cdq' : redefinition; previous definition was 'enumerator'
          C:\Hex-Rays.IDA.Pro.Advanced.v6.5\idasdk\include\allins.hpp(43) : see declaration of 'NN_cdq'
C:\Hex-Rays.IDA.Pro.Advanced.v6.5\idasdk\include\allins.hpp(44): error C2365: 'NN_cqo' : redefinition; previous definition was 'enumerator'
          C:\Hex-Rays.IDA.Pro.Advanced.v6.5\idasdk\include\allins.hpp(44) : see declaration of 'NN_cqo'
C:\Hex-Rays.IDA.Pro.Advanced.v6.5\idasdk\include\allins.hpp(45): error C2365: 'NN_daa' : redefinition; previous definition was 'enumerator'
          C:\Hex-Rays.IDA.Pro.Advanced.v6.5\idasdk\include\allins.hpp(45) : see declaration of 'NN_daa'
C:\Hex-Rays.IDA.Pro.Advanced.v6.5\idasdk\include\allins.hpp(46): error C2365: 'NN_das' : redefinition; previous definition was 'enumerator'
          C:\Hex-Rays.IDA.Pro.Advanced.v6.5\idasdk\include\allins.hpp(46) : see declaration of 'NN_das'
C:\Hex-Rays.IDA.Pro.Advanced.v6.5\idasdk\include\allins.hpp(47): error C2365: 'NN_dec' : redefinition; previous definition was 'enumerator'
          C:\Hex-Rays.IDA.Pro.Advanced.v6.5\idasdk\include\allins.hpp(47) : see declaration of 'NN_dec'
C:\Hex-Rays.IDA.Pro.Advanced.v6.5\idasdk\include\allins.hpp(48): error C2365: 'NN_div' : redefinition; previous definition was 'enumerator'
          C:\Hex-Rays.IDA.Pro.Advanced.v6.5\idasdk\include\allins.hpp(48) : see declaration of 'NN_div'
C:\Hex-Rays.IDA.Pro.Advanced.v6.5\idasdk\include\allins.hpp(49): error C2365: 'NN_enterw' : redefinition; previous definition was 'enumerator'
          C:\Hex-Rays.IDA.Pro.Advanced.v6.5\idasdk\include\allins.hpp(49) : see declaration of 'NN_enterw'
C:\Hex-Rays.IDA.Pro.Advanced.v6.5\idasdk\include\allins.hpp(50): error C2365: 'NN_enter' : redefinition; previous definition was 'enumerator'
          C:\Hex-Rays.IDA.Pro.Advanced.v6.5\idasdk\include\allins.hpp(50) : see declaration of 'NN_enter'
C:\Hex-Rays.IDA.Pro.Advanced.v6.5\idasdk\include\allins.hpp(51): error C2365: 'NN_enterd' : redefinition; previous definition was 'enumerator'
          C:\Hex-Rays.IDA.Pro.Advanced.v6.5\idasdk\include\allins.hpp(51) : see declaration of 'NN_enterd'
C:\Hex-Rays.IDA.Pro.Advanced.v6.5\idasdk\include\allins.hpp(52): error C2365: 'NN_enterq' : redefinition; previous definition was 'enumerator'
          C:\Hex-Rays.IDA.Pro.Advanced.v6.5\idasdk\include\allins.hpp(52) : see declaration of 'NN_enterq'
C:\Hex-Rays.IDA.Pro.Advanced.v6.5\idasdk\include\allins.hpp(53): error C2365: 'NN_hlt' : redefinition; previous definition was 'enumerator'
          C:\Hex-Rays.IDA.Pro.Advanced.v6.5\idasdk\include\allins.hpp(53) : see declaration of 'NN_hlt'
C:\Hex-Rays.IDA.Pro.Advanced.v6.5\idasdk\include\allins.hpp(54): error C2365: 'NN_idiv' : redefinition; previous definition was 'enumerator'
          C:\Hex-Rays.IDA.Pro.Advanced.v6.5\idasdk\include\allins.hpp(54) : see declaration of 'NN_idiv'
C:\Hex-Rays.IDA.Pro.Advanced.v6.5\idasdk\include\allins.hpp(55): error C2365: 'NN_imul' : redefinition; previous definition was 'enumerator'
          C:\Hex-Rays.IDA.Pro.Advanced.v6.5\idasdk\include\allins.hpp(55) : see declaration of 'NN_imul'
C:\Hex-Rays.IDA.Pro.Advanced.v6.5\idasdk\include\allins.hpp(56): error C2365: 'NN_in' : redefinition; previous definition was 'enumerator'
          C:\Hex-Rays.IDA.Pro.Advanced.v6.5\idasdk\include\allins.hpp(56) : see declaration of 'NN_in'
C:\Hex-Rays.IDA.Pro.Advanced.v6.5\idasdk\include\allins.hpp(57): error C2365: 'NN_inc' : redefinition; previous definition was 'enumerator'
          C:\Hex-Rays.IDA.Pro.Advanced.v6.5\idasdk\include\allins.hpp(57) : see declaration of 'NN_inc'
C:\Hex-Rays.IDA.Pro.Advanced.v6.5\idasdk\include\allins.hpp(58): error C2365: 'NN_ins' : redefinition; previous definition was 'enumerator'
          C:\Hex-Rays.IDA.Pro.Advanced.v6.5\idasdk\include\allins.hpp(58) : see declaration of 'NN_ins'
C:\Hex-Rays.IDA.Pro.Advanced.v6.5\idasdk\include\allins.hpp(59): error C2365: 'NN_int' : redefinition; previous definition was 'enumerator'
          C:\Hex-Rays.IDA.Pro.Advanced.v6.5\idasdk\include\allins.hpp(59) : see declaration of 'NN_int'
C:\Hex-Rays.IDA.Pro.Advanced.v6.5\idasdk\include\allins.hpp(60): error C2365: 'NN_into' : redefinition; previous definition was 'enumerator'
          C:\Hex-Rays.IDA.Pro.Advanced.v6.5\idasdk\include\allins.hpp(60) : see declaration of 'NN_into'
C:\Hex-Rays.IDA.Pro.Advanced.v6.5\idasdk\include\allins.hpp(61): error C2365: 'NN_int3' : redefinition; previous definition was 'enumerator'
          C:\Hex-Rays.IDA.Pro.Advanced.v6.5\idasdk\include\allins.hpp(61) : see declaration of 'NN_int3'
C:\Hex-Rays.IDA.Pro.Advanced.v6.5\idasdk\include\allins.hpp(62): error C2365: 'NN_iretw' : redefinition; previous definition was 'enumerator'
          C:\Hex-Rays.IDA.Pro.Advanced.v6.5\idasdk\include\allins.hpp(62) : see declaration of 'NN_iretw'
C:\Hex-Rays.IDA.Pro.Advanced.v6.5\idasdk\include\allins.hpp(63): error C2365: 'NN_iret' : redefinition; previous definition was 'enumerator'
          C:\Hex-Rays.IDA.Pro.Advanced.v6.5\idasdk\include\allins.hpp(63) : see declaration of 'NN_iret'
C:\Hex-Rays.IDA.Pro.Advanced.v6.5\idasdk\include\allins.hpp(64): error C2365: 'NN_iretd' : redefinition; previous definition was 'enumerator'
          C:\Hex-Rays.IDA.Pro.Advanced.v6.5\idasdk\include\allins.hpp(64) : see declaration of 'NN_iretd'
C:\Hex-Rays.IDA.Pro.Advanced.v6.5\idasdk\include\allins.hpp(65): error C2365: 'NN_iretq' : redefinition; previous definition was 'enumerator'
          C:\Hex-Rays.IDA.Pro.Advanced.v6.5\idasdk\include\allins.hpp(65) : see declaration of 'NN_iretq'
C:\Hex-Rays.IDA.Pro.Advanced.v6.5\idasdk\include\allins.hpp(66): error C2365: 'NN_ja' : redefinition; previous definition was 'enumerator'
          C:\Hex-Rays.IDA.Pro.Advanced.v6.5\idasdk\include\allins.hpp(66) : see declaration of 'NN_ja'
C:\Hex-Rays.IDA.Pro.Advanced.v6.5\idasdk\include\allins.hpp(67): error C2365: 'NN_jae' : redefinition; previous definition was 'enumerator'
          C:\Hex-Rays.IDA.Pro.Advanced.v6.5\idasdk\include\allins.hpp(67) : see declaration of 'NN_jae'
C:\Hex-Rays.IDA.Pro.Advanced.v6.5\idasdk\include\allins.hpp(68): error C2365: 'NN_jb' : redefinition; previous definition was 'enumerator'
          C:\Hex-Rays.IDA.Pro.Advanced.v6.5\idasdk\include\allins.hpp(68) : see declaration of 'NN_jb'
C:\Hex-Rays.IDA.Pro.Advanced.v6.5\idasdk\include\allins.hpp(69): error C2365: 'NN_jbe' : redefinition; previous definition was 'enumerator'
          C:\Hex-Rays.IDA.Pro.Advanced.v6.5\idasdk\include\allins.hpp(69) : see declaration of 'NN_jbe'
C:\Hex-Rays.IDA.Pro.Advanced.v6.5\idasdk\include\allins.hpp(70): error C2365: 'NN_jc' : redefinition; previous definition was 'enumerator'
          C:\Hex-Rays.IDA.Pro.Advanced.v6.5\idasdk\include\allins.hpp(70) : see declaration of 'NN_jc'
C:\Hex-Rays.IDA.Pro.Advanced.v6.5\idasdk\include\allins.hpp(71): error C2365: 'NN_jcxz' : redefinition; previous definition was 'enumerator'
          C:\Hex-Rays.IDA.Pro.Advanced.v6.5\idasdk\include\allins.hpp(71) : see declaration of 'NN_jcxz'
C:\Hex-Rays.IDA.Pro.Advanced.v6.5\idasdk\include\allins.hpp(72): error C2365: 'NN_jecxz' : redefinition; previous definition was 'enumerator'
          C:\Hex-Rays.IDA.Pro.Advanced.v6.5\idasdk\include\allins.hpp(72) : see declaration of 'NN_jecxz'
C:\Hex-Rays.IDA.Pro.Advanced.v6.5\idasdk\include\allins.hpp(73): error C2365: 'NN_jrcxz' : redefinition; previous definition was 'enumerator'
          C:\Hex-Rays.IDA.Pro.Advanced.v6.5\idasdk\include\allins.hpp(73) : see declaration of 'NN_jrcxz'
C:\Hex-Rays.IDA.Pro.Advanced.v6.5\idasdk\include\allins.hpp(74): error C2365: 'NN_je' : redefinition; previous definition was 'enumerator'
          C:\Hex-Rays.IDA.Pro.Advanced.v6.5\idasdk\include\allins.hpp(74) : see declaration of 'NN_je'
C:\Hex-Rays.IDA.Pro.Advanced.v6.5\idasdk\include\allins.hpp(75): error C2365: 'NN_jg' : redefinition; previous definition was 'enumerator'
          C:\Hex-Rays.IDA.Pro.Advanced.v6.5\idasdk\include\allins.hpp(75) : see declaration of 'NN_jg'
C:\Hex-Rays.IDA.Pro.Advanced.v6.5\idasdk\include\allins.hpp(76): error C2365: 'NN_jge' : redefinition; previous definition was 'enumerator'
          C:\Hex-Rays.IDA.Pro.Advanced.v6.5\idasdk\include\allins.hpp(76) : see declaration of 'NN_jge'
C:\Hex-Rays.IDA.Pro.Advanced.v6.5\idasdk\include\allins.hpp(77): error C2365: 'NN_jl' : redefinition; previous definition was 'enumerator'
          C:\Hex-Rays.IDA.Pro.Advanced.v6.5\idasdk\include\allins.hpp(77) : see declaration of 'NN_jl'
C:\Hex-Rays.IDA.Pro.Advanced.v6.5\idasdk\include\allins.hpp(78): error C2365: 'NN_jle' : redefinition; previous definition was 'enumerator'
          C:\Hex-Rays.IDA.Pro.Advanced.v6.5\idasdk\include\allins.hpp(78) : see declaration of 'NN_jle'
C:\Hex-Rays.IDA.Pro.Advanced.v6.5\idasdk\include\allins.hpp(79): error C2365: 'NN_jna' : redefinition; previous definition was 'enumerator'
          C:\Hex-Rays.IDA.Pro.Advanced.v6.5\idasdk\include\allins.hpp(79) : see declaration of 'NN_jna'
C:\Hex-Rays.IDA.Pro.Advanced.v6.5\idasdk\include\allins.hpp(80): error C2365: 'NN_jnae' : redefinition; previous definition was 'enumerator'
          C:\Hex-Rays.IDA.Pro.Advanced.v6.5\idasdk\include\allins.hpp(80) : see declaration of 'NN_jnae'
C:\Hex-Rays.IDA.Pro.Advanced.v6.5\idasdk\include\allins.hpp(81): error C2365: 'NN_jnb' : redefinition; previous definition was 'enumerator'
          C:\Hex-Rays.IDA.Pro.Advanced.v6.5\idasdk\include\allins.hpp(81) : see declaration of 'NN_jnb'
C:\Hex-Rays.IDA.Pro.Advanced.v6.5\idasdk\include\allins.hpp(82): error C2365: 'NN_jnbe' : redefinition; previous definition was 'enumerator'
          C:\Hex-Rays.IDA.Pro.Advanced.v6.5\idasdk\include\allins.hpp(82) : see declaration of 'NN_jnbe'
C:\Hex-Rays.IDA.Pro.Advanced.v6.5\idasdk\include\allins.hpp(83): error C2365: 'NN_jnc' : redefinition; previous definition was 'enumerator'
          C:\Hex-Rays.IDA.Pro.Advanced.v6.5\idasdk\include\allins.hpp(83) : see declaration of 'NN_jnc'
C:\Hex-Rays.IDA.Pro.Advanced.v6.5\idasdk\include\allins.hpp(84): error C2365: 'NN_jne' : redefinition; previous definition was 'enumerator'
          C:\Hex-Rays.IDA.Pro.Advanced.v6.5\idasdk\include\allins.hpp(84) : see declaration of 'NN_jne'
C:\Hex-Rays.IDA.Pro.Advanced.v6.5\idasdk\include\allins.hpp(85): error C2365: 'NN_jng' : redefinition; previous definition was 'enumerator'
          C:\Hex-Rays.IDA.Pro.Advanced.v6.5\idasdk\include\allins.hpp(85) : see declaration of 'NN_jng'
C:\Hex-Rays.IDA.Pro.Advanced.v6.5\idasdk\include\allins.hpp(86): error C2365: 'NN_jnge' : redefinition; previous definition was 'enumerator'
          C:\Hex-Rays.IDA.Pro.Advanced.v6.5\idasdk\include\allins.hpp(86) : see declaration of 'NN_jnge'
C:\Hex-Rays.IDA.Pro.Advanced.v6.5\idasdk\include\allins.hpp(87): error C2365: 'NN_jnl' : redefinition; previous definition was 'enumerator'
          C:\Hex-Rays.IDA.Pro.Advanced.v6.5\idasdk\include\allins.hpp(87) : see declaration of 'NN_jnl'
C:\Hex-Rays.IDA.Pro.Advanced.v6.5\idasdk\include\allins.hpp(88): error C2365: 'NN_jnle' : redefinition; previous definition was 'enumerator'
          C:\Hex-Rays.IDA.Pro.Advanced.v6.5\idasdk\include\allins.hpp(88) : see declaration of 'NN_jnle'
C:\Hex-Rays.IDA.Pro.Advanced.v6.5\idasdk\include\allins.hpp(89): error C2365: 'NN_jno' : redefinition; previous definition was 'enumerator'
          C:\Hex-Rays.IDA.Pro.Advanced.v6.5\idasdk\include\allins.hpp(89) : see declaration of 'NN_jno'
C:\Hex-Rays.IDA.Pro.Advanced.v6.5\idasdk\include\allins.hpp(90): error C2365: 'NN_jnp' : redefinition; previous definition was 'enumerator'
          C:\Hex-Rays.IDA.Pro.Advanced.v6.5\idasdk\include\allins.hpp(90) : see declaration of 'NN_jnp'
C:\Hex-Rays.IDA.Pro.Advanced.v6.5\idasdk\include\allins.hpp(91): error C2365: 'NN_jns' : redefinition; previous definition was 'enumerator'
          C:\Hex-Rays.IDA.Pro.Advanced.v6.5\idasdk\include\allins.hpp(91) : see declaration of 'NN_jns'
C:\Hex-Rays.IDA.Pro.Advanced.v6.5\idasdk\include\allins.hpp(92): error C2365: 'NN_jnz' : redefinition; previous definition was 'enumerator'
          C:\Hex-Rays.IDA.Pro.Advanced.v6.5\idasdk\include\allins.hpp(92) : see declaration of 'NN_jnz'
C:\Hex-Rays.IDA.Pro.Advanced.v6.5\idasdk\include\allins.hpp(93): error C2365: 'NN_jo' : redefinition; previous definition was 'enumerator'
          C:\Hex-Rays.IDA.Pro.Advanced.v6.5\idasdk\include\allins.hpp(93) : see declaration of 'NN_jo'
C:\Hex-Rays.IDA.Pro.Advanced.v6.5\idasdk\include\allins.hpp(94): error C2365: 'NN_jp' : redefinition; previous definition was 'enumerator'
          C:\Hex-Rays.IDA.Pro.Advanced.v6.5\idasdk\include\allins.hpp(94) : see declaration of 'NN_jp'
C:\Hex-Rays.IDA.Pro.Advanced.v6.5\idasdk\include\allins.hpp(95): error C2365: 'NN_jpe' : redefinition; previous definition was 'enumerator'
          C:\Hex-Rays.IDA.Pro.Advanced.v6.5\idasdk\include\allins.hpp(95) : see declaration of 'NN_jpe'
C:\Hex-Rays.IDA.Pro.Advanced.v6.5\idasdk\include\allins.hpp(96): error C2365: 'NN_jpo' : redefinition; previous definition was 'enumerator'
          C:\Hex-Rays.IDA.Pro.Advanced.v6.5\idasdk\include\allins.hpp(96) : see declaration of 'NN_jpo'
C:\Hex-Rays.IDA.Pro.Advanced.v6.5\idasdk\include\allins.hpp(97): error C2365: 'NN_js' : redefinition; previous definition was 'enumerator'
          C:\Hex-Rays.IDA.Pro.Advanced.v6.5\idasdk\include\allins.hpp(97) : see declaration of 'NN_js'
C:\Hex-Rays.IDA.Pro.Advanced.v6.5\idasdk\include\allins.hpp(98): error C2365: 'NN_jz' : redefinition; previous definition was 'enumerator'
          C:\Hex-Rays.IDA.Pro.Advanced.v6.5\idasdk\include\allins.hpp(98) : see declaration of 'NN_jz'
C:\Hex-Rays.IDA.Pro.Advanced.v6.5\idasdk\include\allins.hpp(99): error C2365: 'NN_jmp' : redefinition; previous definition was 'enumerator'
          C:\Hex-Rays.IDA.Pro.Advanced.v6.5\idasdk\include\allins.hpp(99) : see declaration of 'NN_jmp'
C:\Hex-Rays.IDA.Pro.Advanced.v6.5\idasdk\include\allins.hpp(100): error C2365: 'NN_jmpfi' : redefinition; previous definition was 'enumerator'
          C:\Hex-Rays.IDA.Pro.Advanced.v6.5\idasdk\include\allins.hpp(100) : see declaration of 'NN_jmpfi'
C:\Hex-Rays.IDA.Pro.Advanced.v6.5\idasdk\include\allins.hpp(101): error C2365: 'NN_jmpni' : redefinition; previous definition was 'enumerator'
          C:\Hex-Rays.IDA.Pro.Advanced.v6.5\idasdk\include\allins.hpp(101) : see declaration of 'NN_jmpni'
C:\Hex-Rays.IDA.Pro.Advanced.v6.5\idasdk\include\allins.hpp(102): error C2365: 'NN_jmpshort' : redefinition; previous definition was 'enumerator'
          C:\Hex-Rays.IDA.Pro.Advanced.v6.5\idasdk\include\allins.hpp(102) : see declaration of 'NN_jmpshort'
C:\Hex-Rays.IDA.Pro.Advanced.v6.5\idasdk\include\allins.hpp(103): error C2365: 'NN_lahf' : redefinition; previous definition was 'enumerator'
          C:\Hex-Rays.IDA.Pro.Advanced.v6.5\idasdk\include\allins.hpp(103) : see declaration of 'NN_lahf'
C:\Hex-Rays.IDA.Pro.Advanced.v6.5\idasdk\include\allins.hpp(104): error C2365: 'NN_lar' : redefinition; previous definition was 'enumerator'
          C:\Hex-Rays.IDA.Pro.Advanced.v6.5\idasdk\include\allins.hpp(104) : see declaration of 'NN_lar'
C:\Hex-Rays.IDA.Pro.Advanced.v6.5\idasdk\include\allins.hpp(105): error C2365: 'NN_lea' : redefinition; previous definition was 'enumerator'
          C:\Hex-Rays.IDA.Pro.Advanced.v6.5\idasdk\include\allins.hpp(105) : see declaration of 'NN_lea'
C:\Hex-Rays.IDA.Pro.Advanced.v6.5\idasdk\include\allins.hpp(106): error C2365: 'NN_leavew' : redefinition; previous definition was 'enumerator'
          C:\Hex-Rays.IDA.Pro.Advanced.v6.5\idasdk\include\allins.hpp(106) : see declaration of 'NN_leavew'
C:\Hex-Rays.IDA.Pro.Advanced.v6.5\idasdk\include\allins.hpp(107): error C2365: 'NN_leave' : redefinition; previous definition was 'enumerator'
          C:\Hex-Rays.IDA.Pro.Advanced.v6.5\idasdk\include\allins.hpp(107) : see declaration of 'NN_leave'
C:\Hex-Rays.IDA.Pro.Advanced.v6.5\idasdk\include\allins.hpp(108): error C2365: 'NN_leaved' : redefinition; previous definition was 'enumerator'
          C:\Hex-Rays.IDA.Pro.Advanced.v6.5\idasdk\include\allins.hpp(108) : see declaration of 'NN_leaved'
C:\Hex-Rays.IDA.Pro.Advanced.v6.5\idasdk\include\allins.hpp(109): error C2365: 'NN_leaveq' : redefinition; previous definition was 'enumerator'
          C:\Hex-Rays.IDA.Pro.Advanced.v6.5\idasdk\include\allins.hpp(109) : see declaration of 'NN_leaveq'
C:\Hex-Rays.IDA.Pro.Advanced.v6.5\idasdk\include\allins.hpp(110): error C2365: 'NN_lgdt' : redefinition; previous definition was 'enumerator'
          C:\Hex-Rays.IDA.Pro.Advanced.v6.5\idasdk\include\allins.hpp(110) : see declaration of 'NN_lgdt'
C:\Hex-Rays.IDA.Pro.Advanced.v6.5\idasdk\include\allins.hpp(111): error C2365: 'NN_lidt' : redefinition; previous definition was 'enumerator'
          C:\Hex-Rays.IDA.Pro.Advanced.v6.5\idasdk\include\allins.hpp(111) : see declaration of 'NN_lidt'
C:\Hex-Rays.IDA.Pro.Advanced.v6.5\idasdk\include\allins.hpp(112): error C2365: 'NN_lgs' : redefinition; previous definition was 'enumerator'
          C:\Hex-Rays.IDA.Pro.Advanced.v6.5\idasdk\include\allins.hpp(112) : see declaration of 'NN_lgs'
C:\Hex-Rays.IDA.Pro.Advanced.v6.5\idasdk\include\allins.hpp(113): error C2365: 'NN_lss' : redefinition; previous definition was 'enumerator'
          C:\Hex-Rays.IDA.Pro.Advanced.v6.5\idasdk\include\allins.hpp(113) : see declaration of 'NN_lss'
C:\Hex-Rays.IDA.Pro.Advanced.v6.5\idasdk\include\allins.hpp(113): fatal error C1003: error count exceeds 100; stopping compilation
  idapro.cpp
C:\Hex-Rays.IDA.Pro.Advanced.v6.5\idasdk\include\struct.hpp(316): warning C4996: 'set_member_ti': was declared deprecated
          C:\Hex-Rays.IDA.Pro.Advanced.v6.5\idasdk\include\struct.hpp(315) : see declaration of 'set_member_ti'
idapro.cpp(311): warning C4996: 'add_stkvar': was declared deprecated
          C:\Hex-Rays.IDA.Pro.Advanced.v6.5\idasdk\include\frame.hpp(504) : see declaration of 'add_stkvar'
idapro.cpp(362): warning C4996: 'ua_ana0': was declared deprecated
          C:\Hex-Rays.IDA.Pro.Advanced.v6.5\idasdk\include\ua.hpp(964) : see declaration of 'ua_ana0'
idapro.cpp(391): warning C4996: 'get_ti': was declared deprecated
          C:\Hex-Rays.IDA.Pro.Advanced.v6.5\idasdk\include\nalt.hpp(1000) : see declaration of 'get_ti'
idapro.cpp(412): warning C4996: 'build_funcarg_arrays': was declared deprecated
          C:\Hex-Rays.IDA.Pro.Advanced.v6.5\idasdk\include\typeinf.hpp(3363) : see declaration of 'build_funcarg_arrays'
idapro.cpp(425): warning C4996: 'extract_func_ret_type': was declared deprecated
          C:\Hex-Rays.IDA.Pro.Advanced.v6.5\idasdk\include\typeinf.hpp(3361) : see declaration of 'extract_func_ret_type'
idapro.cpp(435): warning C4996: 'free_funcarg_arrays': was declared deprecated
          C:\Hex-Rays.IDA.Pro.Advanced.v6.5\idasdk\include\typeinf.hpp(3364) : see declaration of 'free_funcarg_arrays'
  instruction.cpp
  node.cpp
C:\Hex-Rays.IDA.Pro.Advanced.v6.5\idasdk\include\kernwin.hpp(25): error C2146: syntax error : missing ';' before identifier 'color_t'
C:\Hex-Rays.IDA.Pro.Advanced.v6.5\idasdk\include\kernwin.hpp(25): error C4430: missing type specifier - int assumed. Note: C++ does not support default-int
C:\Hex-Rays.IDA.Pro.Advanced.v6.5\idasdk\include\kernwin.hpp(25): error C4430: missing type specifier - int assumed. Note: C++ does not support default-int
C:\Hex-Rays.IDA.Pro.Advanced.v6.5\idasdk\include\kernwin.hpp(26): error C2146: syntax error : missing ';' before identifier 'bmask_t'
C:\Hex-Rays.IDA.Pro.Advanced.v6.5\idasdk\include\kernwin.hpp(26): error C4430: missing type specifier - int assumed. Note: C++ does not support default-int
C:\Hex-Rays.IDA.Pro.Advanced.v6.5\idasdk\include\kernwin.hpp(26): error C4430: missing type specifier - int assumed. Note: C++ does not support default-int
C:\Hex-Rays.IDA.Pro.Advanced.v6.5\idasdk\include\kernwin.hpp(27): error C2146: syntax error : missing ';' before identifier 'enum_t'
C:\Hex-Rays.IDA.Pro.Advanced.v6.5\idasdk\include\kernwin.hpp(27): error C4430: missing type specifier - int assumed. Note: C++ does not support default-int
C:\Hex-Rays.IDA.Pro.Advanced.v6.5\idasdk\include\kernwin.hpp(27): error C4430: missing type specifier - int assumed. Note: C++ does not support default-int
C:\Hex-Rays.IDA.Pro.Advanced.v6.5\idasdk\include\kernwin.hpp(111): error C2146: syntax error : missing ';' before identifier 'i32'
C:\Hex-Rays.IDA.Pro.Advanced.v6.5\idasdk\include\kernwin.hpp(111): error C4430: missing type specifier - int assumed. Note: C++ does not support default-int
C:\Hex-Rays.IDA.Pro.Advanced.v6.5\idasdk\include\kernwin.hpp(111): error C4430: missing type specifier - int assumed. Note: C++ does not support default-int
C:\Hex-Rays.IDA.Pro.Advanced.v6.5\idasdk\include\kernwin.hpp(113): error C2146: syntax error : missing ';' before identifier 'u16'
C:\Hex-Rays.IDA.Pro.Advanced.v6.5\idasdk\include\kernwin.hpp(113): error C4430: missing type specifier - int assumed. Note: C++ does not support default-int
C:\Hex-Rays.IDA.Pro.Advanced.v6.5\idasdk\include\kernwin.hpp(113): error C4430: missing type specifier - int assumed. Note: C++ does not support default-int
C:\Hex-Rays.IDA.Pro.Advanced.v6.5\idasdk\include\kernwin.hpp(114): error C2146: syntax error : missing ';' before identifier 'u32'
C:\Hex-Rays.IDA.Pro.Advanced.v6.5\idasdk\include\kernwin.hpp(114): error C4430: missing type specifier - int assumed. Note: C++ does not support default-int
C:\Hex-Rays.IDA.Pro.Advanced.v6.5\idasdk\include\kernwin.hpp(114): error C4430: missing type specifier - int assumed. Note: C++ does not support default-int
C:\Hex-Rays.IDA.Pro.Advanced.v6.5\idasdk\include\kernwin.hpp(117): error C2146: syntax error : missing ';' before identifier 'ssize'
C:\Hex-Rays.IDA.Pro.Advanced.v6.5\idasdk\include\kernwin.hpp(117): error C4430: missing type specifier - int assumed. Note: C++ does not support default-int
C:\Hex-Rays.IDA.Pro.Advanced.v6.5\idasdk\include\kernwin.hpp(117): error C4430: missing type specifier - int assumed. Note: C++ does not support default-int
C:\Hex-Rays.IDA.Pro.Advanced.v6.5\idasdk\include\kernwin.hpp(125): error C4430: missing type specifier - int assumed. Note: C++ does not support default-int
C:\Hex-Rays.IDA.Pro.Advanced.v6.5\idasdk\include\kernwin.hpp(1404): error C2144: syntax error : 'void' should be preceded by ';'
C:\Hex-Rays.IDA.Pro.Advanced.v6.5\idasdk\include\kernwin.hpp(1404): error C4430: missing type specifier - int assumed. Note: C++ does not support default-int
C:\Hex-Rays.IDA.Pro.Advanced.v6.5\idasdk\include\kernwin.hpp(1404): error C2146: syntax error : missing ';' before identifier 'init_kernel'
C:\Hex-Rays.IDA.Pro.Advanced.v6.5\idasdk\include\kernwin.hpp(1404): error C2182: 'ida_export' : illegal use of type 'void'
C:\Hex-Rays.IDA.Pro.Advanced.v6.5\idasdk\include\kernwin.hpp(1405): error C2065: 'idaapi' : undeclared identifier
C:\Hex-Rays.IDA.Pro.Advanced.v6.5\idasdk\include\kernwin.hpp(1405): error C2065: '_callui' : undeclared identifier
C:\Hex-Rays.IDA.Pro.Advanced.v6.5\idasdk\include\kernwin.hpp(1405): error C2275: 'ui_notification_t' : illegal use of this type as an expression
          C:\Hex-Rays.IDA.Pro.Advanced.v6.5\idasdk\include\kernwin.hpp(133) : see declaration of 'ui_notification_t'
C:\Hex-Rays.IDA.Pro.Advanced.v6.5\idasdk\include\kernwin.hpp(1405): error C2146: syntax error : missing ')' before identifier 'what'
C:\Hex-Rays.IDA.Pro.Advanced.v6.5\idasdk\include\kernwin.hpp(1405): error C2059: syntax error : ')'
C:\Hex-Rays.IDA.Pro.Advanced.v6.5\idasdk\include\kernwin.hpp(1413): error C2146: syntax error : missing ';' before identifier 'callui_t'
C:\Hex-Rays.IDA.Pro.Advanced.v6.5\idasdk\include\kernwin.hpp(1413): error C4430: missing type specifier - int assumed. Note: C++ does not support default-int
C:\Hex-Rays.IDA.Pro.Advanced.v6.5\idasdk\include\kernwin.hpp(1413): error C2086: 'int idaman' : redefinition
          C:\Hex-Rays.IDA.Pro.Advanced.v6.5\idasdk\include\kernwin.hpp(1404) : see declaration of 'idaman'
C:\Hex-Rays.IDA.Pro.Advanced.v6.5\idasdk\include\kernwin.hpp(1413): error C2065: 'idaapi' : undeclared identifier
C:\Hex-Rays.IDA.Pro.Advanced.v6.5\idasdk\include\kernwin.hpp(1413): error C2065: 'callui' : undeclared identifier
C:\Hex-Rays.IDA.Pro.Advanced.v6.5\idasdk\include\kernwin.hpp(1413): error C4430: missing type specifier - int assumed. Note: C++ does not support default-int
C:\Hex-Rays.IDA.Pro.Advanced.v6.5\idasdk\include\kernwin.hpp(1413): fatal error C1903: unable to recover from previous error(s); stopping compilation
  usedefine.cpp
C:\Hex-Rays.IDA.Pro.Advanced.v6.5\idasdk\include\kernwin.hpp(25): error C2146: syntax error : missing ';' before identifier 'color_t'
C:\Hex-Rays.IDA.Pro.Advanced.v6.5\idasdk\include\kernwin.hpp(25): error C4430: missing type specifier - int assumed. Note: C++ does not support default-int
C:\Hex-Rays.IDA.Pro.Advanced.v6.5\idasdk\include\kernwin.hpp(25): error C4430: missing type specifier - int assumed. Note: C++ does not support default-int
C:\Hex-Rays.IDA.Pro.Advanced.v6.5\idasdk\include\kernwin.hpp(26): error C2146: syntax error : missing ';' before identifier 'bmask_t'
C:\Hex-Rays.IDA.Pro.Advanced.v6.5\idasdk\include\kernwin.hpp(26): error C4430: missing type specifier - int assumed. Note: C++ does not support default-int
C:\Hex-Rays.IDA.Pro.Advanced.v6.5\idasdk\include\kernwin.hpp(26): error C4430: missing type specifier - int assumed. Note: C++ does not support default-int
C:\Hex-Rays.IDA.Pro.Advanced.v6.5\idasdk\include\kernwin.hpp(27): error C2146: syntax error : missing ';' before identifier 'enum_t'
C:\Hex-Rays.IDA.Pro.Advanced.v6.5\idasdk\include\kernwin.hpp(27): error C4430: missing type specifier - int assumed. Note: C++ does not support default-int
C:\Hex-Rays.IDA.Pro.Advanced.v6.5\idasdk\include\kernwin.hpp(27): error C4430: missing type specifier - int assumed. Note: C++ does not support default-int
C:\Hex-Rays.IDA.Pro.Advanced.v6.5\idasdk\include\kernwin.hpp(111): error C2146: syntax error : missing ';' before identifier 'i32'
C:\Hex-Rays.IDA.Pro.Advanced.v6.5\idasdk\include\kernwin.hpp(111): error C4430: missing type specifier - int assumed. Note: C++ does not support default-int
C:\Hex-Rays.IDA.Pro.Advanced.v6.5\idasdk\include\kernwin.hpp(111): error C4430: missing type specifier - int assumed. Note: C++ does not support default-int
C:\Hex-Rays.IDA.Pro.Advanced.v6.5\idasdk\include\kernwin.hpp(113): error C2146: syntax error : missing ';' before identifier 'u16'
C:\Hex-Rays.IDA.Pro.Advanced.v6.5\idasdk\include\kernwin.hpp(113): error C4430: missing type specifier - int assumed. Note: C++ does not support default-int
C:\Hex-Rays.IDA.Pro.Advanced.v6.5\idasdk\include\kernwin.hpp(113): error C4430: missing type specifier - int assumed. Note: C++ does not support default-int
C:\Hex-Rays.IDA.Pro.Advanced.v6.5\idasdk\include\kernwin.hpp(114): error C2146: syntax error : missing ';' before identifier 'u32'
C:\Hex-Rays.IDA.Pro.Advanced.v6.5\idasdk\include\kernwin.hpp(114): error C4430: missing type specifier - int assumed. Note: C++ does not support default-int
C:\Hex-Rays.IDA.Pro.Advanced.v6.5\idasdk\include\kernwin.hpp(114): error C4430: missing type specifier - int assumed. Note: C++ does not support default-int
C:\Hex-Rays.IDA.Pro.Advanced.v6.5\idasdk\include\kernwin.hpp(117): error C2146: syntax error : missing ';' before identifier 'ssize'
C:\Hex-Rays.IDA.Pro.Advanced.v6.5\idasdk\include\kernwin.hpp(117): error C4430: missing type specifier - int assumed. Note: C++ does not support default-int
C:\Hex-Rays.IDA.Pro.Advanced.v6.5\idasdk\include\kernwin.hpp(117): error C4430: missing type specifier - int assumed. Note: C++ does not support default-int
C:\Hex-Rays.IDA.Pro.Advanced.v6.5\idasdk\include\kernwin.hpp(125): error C4430: missing type specifier - int assumed. Note: C++ does not support default-int
C:\Hex-Rays.IDA.Pro.Advanced.v6.5\idasdk\include\kernwin.hpp(1404): error C2144: syntax error : 'void' should be preceded by ';'
C:\Hex-Rays.IDA.Pro.Advanced.v6.5\idasdk\include\kernwin.hpp(1404): error C4430: missing type specifier - int assumed. Note: C++ does not support default-int
C:\Hex-Rays.IDA.Pro.Advanced.v6.5\idasdk\include\kernwin.hpp(1404): error C2146: syntax error : missing ';' before identifier 'init_kernel'
C:\Hex-Rays.IDA.Pro.Advanced.v6.5\idasdk\include\kernwin.hpp(1404): error C2182: 'ida_export' : illegal use of type 'void'
C:\Hex-Rays.IDA.Pro.Advanced.v6.5\idasdk\include\kernwin.hpp(1405): error C2065: 'idaapi' : undeclared identifier
C:\Hex-Rays.IDA.Pro.Advanced.v6.5\idasdk\include\kernwin.hpp(1405): error C2065: '_callui' : undeclared identifier
C:\Hex-Rays.IDA.Pro.Advanced.v6.5\idasdk\include\kernwin.hpp(1405): error C2275: 'ui_notification_t' : illegal use of this type as an expression
          C:\Hex-Rays.IDA.Pro.Advanced.v6.5\idasdk\include\kernwin.hpp(133) : see declaration of 'ui_notification_t'
C:\Hex-Rays.IDA.Pro.Advanced.v6.5\idasdk\include\kernwin.hpp(1405): error C2146: syntax error : missing ')' before identifier 'what'
C:\Hex-Rays.IDA.Pro.Advanced.v6.5\idasdk\include\kernwin.hpp(1405): error C2059: syntax error : ')'
C:\Hex-Rays.IDA.Pro.Advanced.v6.5\idasdk\include\kernwin.hpp(1413): error C2146: syntax error : missing ';' before identifier 'callui_t'
C:\Hex-Rays.IDA.Pro.Advanced.v6.5\idasdk\include\kernwin.hpp(1413): error C4430: missing type specifier - int assumed. Note: C++ does not support default-int
C:\Hex-Rays.IDA.Pro.Advanced.v6.5\idasdk\include\kernwin.hpp(1413): error C2086: 'int idaman' : redefinition
          C:\Hex-Rays.IDA.Pro.Advanced.v6.5\idasdk\include\kernwin.hpp(1404) : see declaration of 'idaman'
C:\Hex-Rays.IDA.Pro.Advanced.v6.5\idasdk\include\kernwin.hpp(1413): error C2065: 'idaapi' : undeclared identifier
C:\Hex-Rays.IDA.Pro.Advanced.v6.5\idasdk\include\kernwin.hpp(1413): error C2065: 'callui' : undeclared identifier
C:\Hex-Rays.IDA.Pro.Advanced.v6.5\idasdk\include\kernwin.hpp(1413): error C4430: missing type specifier - int assumed. Note: C++ does not support default-int
C:\Hex-Rays.IDA.Pro.Advanced.v6.5\idasdk\include\kernwin.hpp(1413): fatal error C1903: unable to recover from previous error(s); stopping compilation
  Generating Code...
